#
# There is insufficient memory for the Java Runtime Environment to continue.
# Native memory allocation (mmap) failed to map 266338304 bytes for G1 virtual space
# Possible reasons:
#   The system is out of physical RAM or swap space
#   The process is running with CompressedOops enabled, and the Java Heap may be blocking the growth of the native heap
# Possible solutions:
#   Reduce memory load on the system
#   Increase physical memory or swap space
#   Check if swap backing store is full
#   Decrease Java heap size (-Xmx/-Xms)
#   Decrease number of Java threads
#   Decrease Java thread stack sizes (-Xss)
#   Set larger code cache with -XX:ReservedCodeCacheSize=
#   JVM is running with Zero Based Compressed Oops mode in which the Java heap is
#     placed in the first 32GB address space. The Java Heap base address is the
#     maximum limit for the native heap growth. Please use -XX:HeapBaseMinAddress
#     to set the Java Heap base and to place the Java Heap above 32GB virtual address.
# This output file may be truncated or incomplete.
#
#  Out of Memory Error (os_windows.cpp:3557), pid=12156, tid=8804
#
# JRE version:  (17.0.6+10) (build )
# Java VM: OpenJDK 64-Bit Server VM (17.0.6+10-LTS, mixed mode, sharing, tiered, compressed oops, compressed class ptrs, g1 gc, windows-amd64)
# No core dump will be written. Minidumps are not enabled by default on client versions of Windows
#

---------------  S U M M A R Y ------------

Command Line: -javaagent:C:\Program Files\JetBrains\IntelliJ IDEA Community Edition 2023.1\lib\idea_rt.jar=57975:C:\Program Files\JetBrains\IntelliJ IDEA Community Edition 2023.1\bin -Dfile.encoding=UTF-8 com.luvina.la.MainApplication

Host: Intel(R) Core(TM) i3-9100 CPU @ 3.60GHz, 4 cores, 15G,  Windows 11 , 64 bit Build 22621 (10.0.22621.3958)
Time: Wed Oct 30 09:52:48 2024 SE Asia Standard Time elapsed time: 0.012365 seconds (0d 0h 0m 0s)

---------------  T H R E A D  ---------------

Current thread (0x000001e9d27d8040):  JavaThread "Unknown thread" [_thread_in_vm, id=8804, stack(0x000000e611f00000,0x000000e612000000)]

Stack: [0x000000e611f00000,0x000000e612000000]
Native frames: (J=compiled Java code, j=interpreted, Vv=VM code, C=native code)
V  [jvm.dll+0x64b39a]
V  [jvm.dll+0x7ff044]
V  [jvm.dll+0x8007fe]
V  [jvm.dll+0x800e53]
V  [jvm.dll+0x235848]
V  [jvm.dll+0x6482fa]
V  [jvm.dll+0x63ca0a]
V  [jvm.dll+0x2f3d59]
V  [jvm.dll+0x2faee6]
V  [jvm.dll+0x34755a]
V  [jvm.dll+0x34779f]
V  [jvm.dll+0x2ca128]
V  [jvm.dll+0x2cb0b9]
V  [jvm.dll+0x7d2751]
V  [jvm.dll+0x354a21]
V  [jvm.dll+0x7b2c9e]
V  [jvm.dll+0x3d16c3]
V  [jvm.dll+0x3d30c1]
C  [jli.dll+0x519f]
C  [ucrtbase.dll+0x29333]
C  [KERNEL32.DLL+0x1257d]
C  [ntdll.dll+0x5af08]


---------------  P R O C E S S  ---------------

Threads class SMR info:
_java_thread_list=0x00007ffd18f4b858, length=0, elements={
}

Java Threads: ( => current thread )

Other Threads:
  0x000001e9d2840060 GCTaskThread "GC Thread#0" [stack: 0x000000e612000000,0x000000e612100000] [id=10992]
  0x000001e9d2850c30 ConcurrentGCThread "G1 Main Marker" [stack: 0x000000e612100000,0x000000e612200000] [id=14712]
  0x000001e9d2851550 ConcurrentGCThread "G1 Conc#0" [stack: 0x000000e612200000,0x000000e612300000] [id=13160]

[error occurred during error reporting (printing all threads), id 0xc0000005, EXCEPTION_ACCESS_VIOLATION (0xc0000005) at pc=0x00007ffd1873b387]

VM state: not at safepoint (not fully initialized)

VM Mutex/Monitor currently owned by a thread:  ([mutex/lock_event])
[0x000001e9d27d2bb0] Heap_lock - owner thread: 0x000001e9d27d8040

Heap address: 0x0000000702800000, size: 4056 MB, Compressed Oops mode: Zero based, Oop shift amount: 3

CDS archive(s) mapped at: [0x0000000000000000-0x0000000000000000-0x0000000000000000), size 0, SharedBaseAddress: 0x0000000800000000, ArchiveRelocationMode: 0.
Narrow klass base: 0x0000000000000000, Narrow klass shift: 0, Narrow klass range: 0x0

GC Precious Log:
<Empty>

Heap:
 garbage-first heap   total 0K, used 0K [0x0000000702800000, 0x0000000800000000)
  region size 2048K, 0 young (0K), 0 survivors (0K)

[error occurred during error reporting (printing heap information), id 0xc0000005, EXCEPTION_ACCESS_VIOLATION (0xc0000005) at pc=0x00007ffd18b02dd9]

GC Heap History (0 events):
No events

Dll operation events (1 events):
Event: 0.008 Loaded shared library C:\Program Files\Amazon Corretto\jdk17.0.6_10\bin\java.dll

Deoptimization events (0 events):
No events

Classes unloaded (0 events):
No events

Classes redefined (0 events):
No events

Internal exceptions (0 events):
No events

VM Operations (0 events):
No events

Events (0 events):
No events


Dynamic libraries:
0x00007ff64f720000 - 0x00007ff64f72d000 	C:\Program Files\Amazon Corretto\jdk17.0.6_10\bin\java.exe
0x00007ffd65350000 - 0x00007ffd65567000 	C:\Windows\SYSTEM32\ntdll.dll
0x00007ffd640b0000 - 0x00007ffd64174000 	C:\Windows\System32\KERNEL32.DLL
0x00007ffd627f0000 - 0x00007ffd62ba7000 	C:\Windows\System32\KERNELBASE.dll
0x00007ffd62f60000 - 0x00007ffd63071000 	C:\Windows\System32\ucrtbase.dll
0x00007ffd53360000 - 0x00007ffd53377000 	C:\Program Files\Amazon Corretto\jdk17.0.6_10\bin\jli.dll
0x00007ffd64360000 - 0x00007ffd6450f000 	C:\Windows\System32\USER32.dll
0x00007ffd62d50000 - 0x00007ffd62d76000 	C:\Windows\System32\win32u.dll
0x00007ffd64180000 - 0x00007ffd641a9000 	C:\Windows\System32\GDI32.dll
0x00007ffd62bb0000 - 0x00007ffd62cc8000 	C:\Windows\System32\gdi32full.dll
0x00007ffd62690000 - 0x00007ffd6272a000 	C:\Windows\System32\msvcp_win.dll
0x00007ffd53340000 - 0x00007ffd53355000 	C:\Program Files\Amazon Corretto\jdk17.0.6_10\bin\VCRUNTIME140.dll
0x00007ffd4afd0000 - 0x00007ffd4b263000 	C:\Windows\WinSxS\amd64_microsoft.windows.common-controls_6595b64144ccf1df_6.0.22621.3672_none_2713b9d173822955\COMCTL32.dll
0x00007ffd64000000 - 0x00007ffd640a7000 	C:\Windows\System32\msvcrt.dll
0x00007ffd63080000 - 0x00007ffd630b1000 	C:\Windows\System32\IMM32.DLL
0x00007ffd33d60000 - 0x00007ffd33dfb000 	C:\Program Files\Amazon Corretto\jdk17.0.6_10\bin\msvcp140.dll
0x00007ffd18460000 - 0x00007ffd19078000 	C:\Program Files\Amazon Corretto\jdk17.0.6_10\bin\server\jvm.dll
0x00007ffd64f10000 - 0x00007ffd64fc2000 	C:\Windows\System32\ADVAPI32.dll
0x00007ffd65260000 - 0x00007ffd65308000 	C:\Windows\System32\sechost.dll
0x00007ffd62660000 - 0x00007ffd62688000 	C:\Windows\System32\bcrypt.dll
0x00007ffd63d10000 - 0x00007ffd63e24000 	C:\Windows\System32\RPCRT4.dll
0x00007ffd4a5f0000 - 0x00007ffd4a624000 	C:\Windows\SYSTEM32\WINMM.dll
0x00007ffd51dc0000 - 0x00007ffd51dc9000 	C:\Windows\SYSTEM32\WSOCK32.dll
0x00007ffd63c90000 - 0x00007ffd63d01000 	C:\Windows\System32\WS2_32.dll
0x00007ffd601c0000 - 0x00007ffd601ca000 	C:\Windows\SYSTEM32\VERSION.dll
0x00007ffd61670000 - 0x00007ffd61688000 	C:\Windows\SYSTEM32\kernel.appcore.dll
0x00007ffd60090000 - 0x00007ffd6009a000 	C:\Program Files\Amazon Corretto\jdk17.0.6_10\bin\jimage.dll
0x00007ffd43ce0000 - 0x00007ffd43f12000 	C:\Windows\SYSTEM32\DBGHELP.DLL
0x00007ffd64510000 - 0x00007ffd6489e000 	C:\Windows\System32\combase.dll
0x00007ffd63bb0000 - 0x00007ffd63c87000 	C:\Windows\System32\OLEAUT32.dll
0x00007ffd43c40000 - 0x00007ffd43c72000 	C:\Windows\SYSTEM32\dbgcore.DLL
0x00007ffd62cd0000 - 0x00007ffd62d4b000 	C:\Windows\System32\bcryptPrimitives.dll
0x00007ffd602a0000 - 0x00007ffd602ae000 	C:\Program Files\Amazon Corretto\jdk17.0.6_10\bin\instrument.dll
0x00007ffd40790000 - 0x00007ffd407b5000 	C:\Program Files\Amazon Corretto\jdk17.0.6_10\bin\java.dll

dbghelp: loaded successfully - version: 4.0.5 - missing functions: none
symbol engine: initialized successfully - sym options: 0x614 - pdb path: .;C:\Program Files\Amazon Corretto\jdk17.0.6_10\bin;C:\Windows\SYSTEM32;C:\Windows\WinSxS\amd64_microsoft.windows.common-controls_6595b64144ccf1df_6.0.22621.3672_none_2713b9d173822955;C:\Program Files\Amazon Corretto\jdk17.0.6_10\bin\server

VM Arguments:
jvm_args: -javaagent:C:\Program Files\JetBrains\IntelliJ IDEA Community Edition 2023.1\lib\idea_rt.jar=57975:C:\Program Files\JetBrains\IntelliJ IDEA Community Edition 2023.1\bin -Dfile.encoding=UTF-8 
java_command: com.luvina.la.MainApplication
java_class_path (initial): C:\LARG02_Java\03.Output\07.Project\03.BaiTapCuoiKhoa\SRC\04.Back-end\target\classes;C:\Users\LA\.m2\repository\org\springframework\boot\spring-boot-starter-data-jpa\2.7.8\spring-boot-starter-data-jpa-2.7.8.jar;C:\Users\LA\.m2\repository\org\springframework\boot\spring-boot-starter-aop\2.7.8\spring-boot-starter-aop-2.7.8.jar;C:\Users\LA\.m2\repository\org\aspectj\aspectjweaver\1.9.7\aspectjweaver-1.9.7.jar;C:\Users\LA\.m2\repository\org\springframework\boot\spring-boot-starter-jdbc\2.7.8\spring-boot-starter-jdbc-2.7.8.jar;C:\Users\LA\.m2\repository\org\springframework\spring-jdbc\5.3.25\spring-jdbc-5.3.25.jar;C:\Users\LA\.m2\repository\jakarta\transaction\jakarta.transaction-api\1.3.3\jakarta.transaction-api-1.3.3.jar;C:\Users\LA\.m2\repository\jakarta\persistence\jakarta.persistence-api\2.2.3\jakarta.persistence-api-2.2.3.jar;C:\Users\LA\.m2\repository\org\hibernate\hibernate-core\5.6.14.Final\hibernate-core-5.6.14.Final.jar;C:\Users\LA\.m2\repository\org\jboss\logging\jboss-logging\3.4.3.Final\jboss-logging-3.4.3.Final.jar;C:\Users\LA\.m2\repository\net\bytebuddy\byte-buddy\1.12.22\byte-buddy-1.12.22.jar;C:\Users\LA\.m2\repository\antlr\antlr\2.7.7\antlr-2.7.7.jar;C:\Users\LA\.m2\repository\org\jboss\jandex\2.4.2.Final\jandex-2.4.2.Final.jar;C:\Users\LA\.m2\repository\com\fasterxml\classmate\1.5.1\classmate-1.5.1.jar;C:\Users\LA\.m2\repository\org\hibernate\common\hibernate-commons-annotations\5.1.2.Final\hibernate-commons-annotations-5.1.2.Final.jar;C:\Users\LA\.m2\repository\org\glassfish\jaxb\jaxb-runtime\2.3.7\jaxb-runtime-2.3.7.jar;C:\Users\LA\.m2\repository\jakarta\xml\bind\jakarta.xml.bind-api\2.3.3\jakarta.xml.bind-api-2.3.3.jar;C:\Users\LA\.m2\repository\org\glassfish\jaxb\txw2\2.3.7\txw2-2.3.7.jar;C:\Users\LA\.m2\repository\com\sun\istack\istack-commons-runtime\3.0.12\istack-commons-runtime-3.0.12.jar;C:\Users\LA\.m2\repository\com\sun\activation\jakarta.activation\1.2.2\jakarta.activation-1.2.2.jar;C:\Users\LA\.m2\repository
Launcher Type: SUN_STANDARD

[Global flags]
     intx CICompilerCount                          = 3                                         {product} {ergonomic}
     uint ConcGCThreads                            = 1                                         {product} {ergonomic}
     uint G1ConcRefinementThreads                  = 4                                         {product} {ergonomic}
   size_t G1HeapRegionSize                         = 2097152                                   {product} {ergonomic}
    uintx GCDrainStackTargetSize                   = 64                                        {product} {ergonomic}
   size_t InitialHeapSize                          = 266338304                                 {product} {ergonomic}
   size_t MarkStackSize                            = 4194304                                   {product} {ergonomic}
   size_t MaxHeapSize                              = 4253024256                                {product} {ergonomic}
   size_t MinHeapDeltaBytes                        = 2097152                                   {product} {ergonomic}
   size_t MinHeapSize                              = 8388608                                   {product} {ergonomic}
    uintx NonNMethodCodeHeapSize                   = 5832780                                {pd product} {ergonomic}
    uintx NonProfiledCodeHeapSize                  = 122912730                              {pd product} {ergonomic}
    uintx ProfiledCodeHeapSize                     = 122912730                              {pd product} {ergonomic}
    uintx ReservedCodeCacheSize                    = 251658240                              {pd product} {ergonomic}
     bool SegmentedCodeCache                       = true                                      {product} {ergonomic}
   size_t SoftMaxHeapSize                          = 4253024256                             {manageable} {ergonomic}
     bool UseCompressedClassPointers               = true                           {product lp64_product} {ergonomic}
     bool UseCompressedOops                        = true                           {product lp64_product} {ergonomic}
     bool UseG1GC                                  = true                                      {product} {ergonomic}
     bool UseLargePagesIndividualAllocation        = false                                  {pd product} {ergonomic}

Logging:
Log output configuration:
 #0: stdout all=warning uptime,level,tags
 #1: stderr all=off uptime,level,tags

Environment Variables:
JAVA_HOME=C:\Program Files\Amazon Corretto\jdk17.0.6_10
PATH=C:\Program Files\Amazon Corretto\jdk17.0.6_10\bin;C:\Windows\system32;C:\Windows;C:\Windows\System32\Wbem;C:\Windows\System32\WindowsPowerShell\v1.0\;C:\Windows\System32\OpenSSH\;C:\Program Files\nodejs\;C:\Program Files (x86)\Yarn\bin\;C:\Program Files\Microsoft VS Code\bin;C:\Program Files\Git\cmd;C:\Program Files\TortoiseGit\bin;C:\Program Files\TortoiseSVN\bin;C:\Program Files\Docker\Docker\resources\bin;C:\Tools\apache-maven-3.6.3\bin;C:\Users\LA\AppData\Local\Microsoft\WindowsApps;
USERNAME=LA
OS=Windows_NT
PROCESSOR_IDENTIFIER=Intel64 Family 6 Model 158 Stepping 11, GenuineIntel
TMP=C:\Users\LA\AppData\Local\Temp
TEMP=C:\Users\LA\AppData\Local\Temp



---------------  S Y S T E M  ---------------

OS:
 Windows 11 , 64 bit Build 22621 (10.0.22621.3958)
OS uptime: 4 days 22:47 hours
Hyper-V role detected

CPU: total 4 (initial active 4) (4 cores per cpu, 1 threads per core) family 6 model 158 stepping 11 microcode 0xf0, cx8, cmov, fxsr, mmx, 3dnowpref, sse, sse2, sse3, ssse3, sse4.1, sse4.2, popcnt, lzcnt, tsc, tscinvbit, avx, avx2, aes, erms, clmul, bmi1, bmi2, adx, fma, vzeroupper, clflush, clflushopt, hv

Memory: 4k page, system-wide physical 16220M (2320M free)
TotalPageFile size 46638M (AvailPageFile size 220M)
current process WorkingSet (physical memory assigned to process): 11M, peak: 11M
current process commit charge ("private bytes"): 52M, peak: 306M

vm_info: OpenJDK 64-Bit Server VM (17.0.6+10-LTS) for windows-amd64 JRE (17.0.6+10-LTS), built on Jan 13 2023 22:57:04 by "Administrator" with MS VC++ 15.9 (VS2017)

END.
