#
# There is insufficient memory for the Java Runtime Environment to continue.
# Native memory allocation (malloc) failed to allocate 1393696 bytes for Chunk::new
# Possible reasons:
#   The system is out of physical RAM or swap space
#   The process is running with CompressedOops enabled, and the Java Heap may be blocking the growth of the native heap
# Possible solutions:
#   Reduce memory load on the system
#   Increase physical memory or swap space
#   Check if swap backing store is full
#   Decrease Java heap size (-Xmx/-Xms)
#   Decrease number of Java threads
#   Decrease Java thread stack sizes (-Xss)
#   Set larger code cache with -XX:ReservedCodeCacheSize=
#   JVM is running with Zero Based Compressed Oops mode in which the Java heap is
#     placed in the first 32GB address space. The Java Heap base address is the
#     maximum limit for the native heap growth. Please use -XX:HeapBaseMinAddress
#     to set the Java Heap base and to place the Java Heap above 32GB virtual address.
# This output file may be truncated or incomplete.
#
#  Out of Memory Error (arena.cpp:189), pid=11436, tid=7740
#
# JRE version: OpenJDK Runtime Environment Corretto-17.0.6.10.1 (17.0.6+10) (build 17.0.6+10-LTS)
# Java VM: OpenJDK 64-Bit Server VM Corretto-17.0.6.10.1 (17.0.6+10-LTS, mixed mode, sharing, tiered, compressed oops, compressed class ptrs, g1 gc, windows-amd64)
# No core dump will be written. Minidumps are not enabled by default on client versions of Windows
#

---------------  S U M M A R Y ------------

Command Line: -javaagent:C:\Program Files\JetBrains\IntelliJ IDEA Community Edition 2023.1\lib\idea_rt.jar=57750:C:\Program Files\JetBrains\IntelliJ IDEA Community Edition 2023.1\bin -Dfile.encoding=UTF-8 com.luvina.la.MainApplication

Host: Intel(R) Core(TM) i3-9100 CPU @ 3.60GHz, 4 cores, 15G,  Windows 11 , 64 bit Build 22621 (10.0.22621.3958)
Time: Wed Oct 30 09:52:08 2024 SE Asia Standard Time elapsed time: 432.150917 seconds (0d 0h 7m 12s)

---------------  T H R E A D  ---------------

Current thread (0x00000272dac49000):  JavaThread "C2 CompilerThread0" daemon [_thread_in_native, id=7740, stack(0x000000deac000000,0x000000deac100000)]


Current CompileTask:
C2: 432150 7795       4       sun.security.ec.ECOperations::setSum (681 bytes)

Stack: [0x000000deac000000,0x000000deac100000]
Native frames: (J=compiled Java code, j=interpreted, Vv=VM code, C=native code)
V  [jvm.dll+0x64b39a]
V  [jvm.dll+0x7ff044]
V  [jvm.dll+0x8007fe]
V  [jvm.dll+0x800e53]
V  [jvm.dll+0x235848]
V  [jvm.dll+0xbce6c]
V  [jvm.dll+0xbd44c]
V  [jvm.dll+0x29cc12]
V  [jvm.dll+0x557b28]
V  [jvm.dll+0x21216b]
V  [jvm.dll+0x20b8b0]
V  [jvm.dll+0x209122]
V  [jvm.dll+0x19926d]
V  [jvm.dll+0x2185dd]
V  [jvm.dll+0x216824]
V  [jvm.dll+0x7b77bb]
V  [jvm.dll+0x7b1d6a]
V  [jvm.dll+0x64a265]
C  [ucrtbase.dll+0x29333]
C  [KERNEL32.DLL+0x1257d]
C  [ntdll.dll+0x5af08]


---------------  P R O C E S S  ---------------

Threads class SMR info:
_java_thread_list=0x00000272de39e450, length=34, elements={
0x00000272dac312d0, 0x00000272dac328e0, 0x00000272dac43240, 0x00000272dac43df0,
0x00000272dac468b0, 0x00000272dac47260, 0x00000272dac49000, 0x00000272db850090,
0x00000272db879900, 0x00000272dac19bd0, 0x00000272dba1e1f0, 0x00000272dbaaaa40,
0x00000272debd6000, 0x00000272de7dc560, 0x00000272dce01a30, 0x00000272dce03710,
0x00000272dce01f00, 0x00000272dce028a0, 0x00000272dce023d0, 0x00000272dce040b0,
0x00000272dce02d70, 0x00000272dce006f0, 0x00000272dce01090, 0x00000272e02bbb60,
0x00000272e02c0860, 0x00000272e02bf050, 0x00000272e02bdd10, 0x00000272e02bf9f0,
0x00000272e02bd370, 0x00000272e02c16d0, 0x00000272e02bfec0, 0x00000272e02c0d30,
0x00000272e02bf520, 0x00000272e02c0390
}

Java Threads: ( => current thread )
  0x00000272dac312d0 JavaThread "Reference Handler" daemon [_thread_blocked, id=8188, stack(0x000000deaba00000,0x000000deabb00000)]
  0x00000272dac328e0 JavaThread "Finalizer" daemon [_thread_blocked, id=17340, stack(0x000000deabb00000,0x000000deabc00000)]
  0x00000272dac43240 JavaThread "Signal Dispatcher" daemon [_thread_blocked, id=13224, stack(0x000000deabc00000,0x000000deabd00000)]
  0x00000272dac43df0 JavaThread "Attach Listener" daemon [_thread_blocked, id=3788, stack(0x000000deabd00000,0x000000deabe00000)]
  0x00000272dac468b0 JavaThread "Service Thread" daemon [_thread_blocked, id=14564, stack(0x000000deabe00000,0x000000deabf00000)]
  0x00000272dac47260 JavaThread "Monitor Deflation Thread" daemon [_thread_blocked, id=16468, stack(0x000000deabf00000,0x000000deac000000)]
=>0x00000272dac49000 JavaThread "C2 CompilerThread0" daemon [_thread_in_native, id=7740, stack(0x000000deac000000,0x000000deac100000)]
  0x00000272db850090 JavaThread "C1 CompilerThread0" daemon [_thread_blocked, id=13780, stack(0x000000deac100000,0x000000deac200000)]
  0x00000272db879900 JavaThread "Sweeper thread" daemon [_thread_blocked, id=13484, stack(0x000000deac200000,0x000000deac300000)]
  0x00000272dac19bd0 JavaThread "Common-Cleaner" daemon [_thread_blocked, id=8728, stack(0x000000deac300000,0x000000deac400000)]
  0x00000272dba1e1f0 JavaThread "Monitor Ctrl-Break" daemon [_thread_in_native, id=12312, stack(0x000000deac400000,0x000000deac500000)]
  0x00000272dbaaaa40 JavaThread "Notification Thread" daemon [_thread_blocked, id=13828, stack(0x000000deac500000,0x000000deac600000)]
  0x00000272debd6000 JavaThread "mysql-cj-abandoned-connection-cleanup" daemon [_thread_blocked, id=15308, stack(0x000000deace00000,0x000000deacf00000)]
  0x00000272de7dc560 JavaThread "spring-boot-hikari-mysql-cp housekeeper" daemon [_thread_blocked, id=5772, stack(0x000000dead000000,0x000000dead100000)]
  0x00000272dce01a30 JavaThread "Catalina-utility-1" [_thread_blocked, id=12584, stack(0x000000dead200000,0x000000dead300000)]
  0x00000272dce03710 JavaThread "Catalina-utility-2" [_thread_blocked, id=13128, stack(0x000000dead300000,0x000000dead400000)]
  0x00000272dce01f00 JavaThread "container-0" [_thread_blocked, id=9224, stack(0x000000dead400000,0x000000dead500000)]
  0x00000272dce028a0 JavaThread "File Watcher" daemon [_thread_blocked, id=8208, stack(0x000000dead500000,0x000000dead600000)]
  0x00000272dce023d0 JavaThread "Live Reload Server" daemon [_thread_in_native, id=11688, stack(0x000000dead700000,0x000000dead800000)]
  0x00000272dce040b0 JavaThread "http-nio-8085-exec-1" daemon [_thread_blocked, id=6060, stack(0x000000dead600000,0x000000dead700000)]
  0x00000272dce02d70 JavaThread "http-nio-8085-exec-2" daemon [_thread_blocked, id=1324, stack(0x000000dead800000,0x000000dead900000)]
  0x00000272dce006f0 JavaThread "http-nio-8085-exec-3" daemon [_thread_blocked, id=2144, stack(0x000000dead900000,0x000000deada00000)]
  0x00000272dce01090 JavaThread "http-nio-8085-exec-4" daemon [_thread_blocked, id=5268, stack(0x000000deada00000,0x000000deadb00000)]
  0x00000272e02bbb60 JavaThread "http-nio-8085-exec-5" daemon [_thread_blocked, id=9964, stack(0x000000deadb00000,0x000000deadc00000)]
  0x00000272e02c0860 JavaThread "http-nio-8085-exec-6" daemon [_thread_blocked, id=9936, stack(0x000000deadc00000,0x000000deadd00000)]
  0x00000272e02bf050 JavaThread "http-nio-8085-exec-7" daemon [_thread_blocked, id=16664, stack(0x000000deadd00000,0x000000deade00000)]
  0x00000272e02bdd10 JavaThread "http-nio-8085-exec-8" daemon [_thread_blocked, id=9408, stack(0x000000deade00000,0x000000deadf00000)]
  0x00000272e02bf9f0 JavaThread "http-nio-8085-exec-9" daemon [_thread_blocked, id=4196, stack(0x000000deadf00000,0x000000deae000000)]
  0x00000272e02bd370 JavaThread "http-nio-8085-exec-10" daemon [_thread_blocked, id=13116, stack(0x000000deae000000,0x000000deae100000)]
  0x00000272e02c16d0 JavaThread "http-nio-8085-Poller" daemon [_thread_in_native, id=10372, stack(0x000000deae100000,0x000000deae200000)]
  0x00000272e02bfec0 JavaThread "http-nio-8085-Acceptor" daemon [_thread_in_native, id=17328, stack(0x000000deae200000,0x000000deae300000)]
  0x00000272e02c0d30 JavaThread "DestroyJavaVM" [_thread_blocked, id=8876, stack(0x000000deab300000,0x000000deab400000)]
  0x00000272e02bf520 JavaThread "spring-boot-hikari-mysql-cp connection closer" daemon [_thread_blocked, id=16344, stack(0x000000deab000000,0x000000deab100000)]
  0x00000272e02c0390 JavaThread "spring-boot-hikari-mysql-cp connection adder" daemon [_thread_blocked, id=1792, stack(0x000000deab100000,0x000000deab200000)]

Other Threads:
  0x00000272dac28f10 VMThread "VM Thread" [stack: 0x000000deab900000,0x000000deaba00000] [id=10888]
  0x00000272dbaaaf10 WatcherThread [stack: 0x000000deac600000,0x000000deac700000] [id=9412]
  0x00000272b861f0c0 GCTaskThread "GC Thread#0" [stack: 0x000000deab400000,0x000000deab500000] [id=7956]
  0x00000272dbfcca40 GCTaskThread "GC Thread#1" [stack: 0x000000deac700000,0x000000deac800000] [id=16604]
  0x00000272dbfcccf0 GCTaskThread "GC Thread#2" [stack: 0x000000deac800000,0x000000deac900000] [id=15796]
  0x00000272dbfccfa0 GCTaskThread "GC Thread#3" [stack: 0x000000deac900000,0x000000deaca00000] [id=5364]
  0x00000272b862fd80 ConcurrentGCThread "G1 Main Marker" [stack: 0x000000deab500000,0x000000deab600000] [id=8948]
  0x00000272b8630790 ConcurrentGCThread "G1 Conc#0" [stack: 0x000000deab600000,0x000000deab700000] [id=12996]
  0x00000272daae44e0 ConcurrentGCThread "G1 Refine#0" [stack: 0x000000deab700000,0x000000deab800000] [id=7724]
  0x00000272dc076890 ConcurrentGCThread "G1 Refine#1" [stack: 0x000000deaca00000,0x000000deacb00000] [id=13600]
  0x00000272daae54b0 ConcurrentGCThread "G1 Service" [stack: 0x000000deab800000,0x000000deab900000] [id=10480]

Threads with active compile tasks:
C2 CompilerThread0   432180 7795       4       sun.security.ec.ECOperations::setSum (681 bytes)

VM state: not at safepoint (normal execution)

VM Mutex/Monitor currently owned by a thread: None

Heap address: 0x0000000702800000, size: 4056 MB, Compressed Oops mode: Zero based, Oop shift amount: 3

CDS archive(s) mapped at: [0x0000000800000000-0x0000000800bc0000-0x0000000800bc0000), size 12320768, SharedBaseAddress: 0x0000000800000000, ArchiveRelocationMode: 0.
Compressed class space mapped at: 0x0000000800c00000-0x0000000840c00000, reserved size: 1073741824
Narrow klass base: 0x0000000800000000, Narrow klass shift: 0, Narrow klass range: 0x100000000

GC Precious Log:
 CPUs: 4 total, 4 available
 Memory: 16220M
 Large Page Support: Disabled
 NUMA Support: Disabled
 Compressed Oops: Enabled (Zero based)
 Heap Region Size: 2M
 Heap Min Capacity: 8M
 Heap Initial Capacity: 254M
 Heap Max Capacity: 4056M
 Pre-touch: Disabled
 Parallel Workers: 4
 Concurrent Workers: 1
 Concurrent Refinement Workers: 4
 Periodic GC: Disabled

Heap:
 garbage-first heap   total 96256K, used 43079K [0x0000000702800000, 0x0000000800000000)
  region size 2048K, 9 young (18432K), 3 survivors (6144K)
 Metaspace       used 63412K, committed 63744K, reserved 1105920K
  class space    used 8364K, committed 8512K, reserved 1048576K

Heap Regions: E=young(eden), S=young(survivor), O=old, HS=humongous(starts), HC=humongous(continues), CS=collection set, F=free, OA=open archive, CA=closed archive, TAMS=top-at-mark-start (previous, next)
|   0|0x0000000702800000, 0x0000000702a00000, 0x0000000702a00000|100%| O|  |TAMS 0x0000000702a00000, 0x0000000702800000| Untracked 
|   1|0x0000000702a00000, 0x0000000702c00000, 0x0000000702c00000|100%| O|  |TAMS 0x0000000702c00000, 0x0000000702a00000| Untracked 
|   2|0x0000000702c00000, 0x0000000702de7a00, 0x0000000702e00000| 95%| O|  |TAMS 0x0000000702de7a00, 0x0000000702c00000| Untracked 
|   3|0x0000000702e00000, 0x0000000703000000, 0x0000000703000000|100%| O|  |TAMS 0x0000000703000000, 0x0000000702e00000| Untracked 
|   4|0x0000000703000000, 0x0000000703200000, 0x0000000703200000|100%| O|  |TAMS 0x0000000703200000, 0x0000000703000000| Untracked 
|   5|0x0000000703200000, 0x0000000703400000, 0x0000000703400000|100%| O|  |TAMS 0x0000000703400000, 0x0000000703200000| Untracked 
|   6|0x0000000703400000, 0x0000000703600000, 0x0000000703600000|100%| O|  |TAMS 0x0000000703600000, 0x0000000703400000| Untracked 
|   7|0x0000000703600000, 0x0000000703800000, 0x0000000703800000|100%| O|  |TAMS 0x00000007037f9a00, 0x0000000703600000| Untracked 
|   8|0x0000000703800000, 0x0000000703a00000, 0x0000000703a00000|100%| O|  |TAMS 0x0000000703a00000, 0x0000000703800000| Untracked 
|   9|0x0000000703a00000, 0x0000000703c00000, 0x0000000703c00000|100%| O|  |TAMS 0x0000000703c00000, 0x0000000703a00000| Untracked 
|  10|0x0000000703c00000, 0x0000000703e00000, 0x0000000703e00000|100%| O|  |TAMS 0x0000000703e00000, 0x0000000703c00000| Untracked 
|  11|0x0000000703e00000, 0x0000000703e00000, 0x0000000704000000|  0%| F|  |TAMS 0x0000000703e00000, 0x0000000703e00000| Untracked 
|  12|0x0000000704000000, 0x0000000704200000, 0x0000000704200000|100%| O|  |TAMS 0x0000000704000000, 0x0000000704000000| Untracked 
|  13|0x0000000704200000, 0x0000000704400000, 0x0000000704400000|100%| O|  |TAMS 0x0000000704200000, 0x0000000704200000| Untracked 
|  14|0x0000000704400000, 0x000000070457ea00, 0x0000000704600000| 74%| O|  |TAMS 0x0000000704400000, 0x0000000704400000| Untracked 
|  15|0x0000000704600000, 0x0000000704600000, 0x0000000704800000|  0%| F|  |TAMS 0x0000000704600000, 0x0000000704600000| Untracked 
|  16|0x0000000704800000, 0x0000000704800000, 0x0000000704a00000|  0%| F|  |TAMS 0x0000000704800000, 0x0000000704800000| Untracked 
|  17|0x0000000704a00000, 0x0000000704a00000, 0x0000000704c00000|  0%| F|  |TAMS 0x0000000704a00000, 0x0000000704a00000| Untracked 
|  18|0x0000000704c00000, 0x0000000704c00000, 0x0000000704e00000|  0%| F|  |TAMS 0x0000000704c00000, 0x0000000704c00000| Untracked 
|  19|0x0000000704e00000, 0x0000000704e00000, 0x0000000705000000|  0%| F|  |TAMS 0x0000000704e00000, 0x0000000704e00000| Untracked 
|  20|0x0000000705000000, 0x0000000705000000, 0x0000000705200000|  0%| F|  |TAMS 0x0000000705000000, 0x0000000705000000| Untracked 
|  21|0x0000000705200000, 0x00000007052abac0, 0x0000000705400000| 33%| S|CS|TAMS 0x0000000705200000, 0x0000000705200000| Complete 
|  22|0x0000000705400000, 0x0000000705400000, 0x0000000705600000|  0%| F|  |TAMS 0x0000000705400000, 0x0000000705400000| Untracked 
|  23|0x0000000705600000, 0x0000000705600000, 0x0000000705800000|  0%| F|  |TAMS 0x0000000705600000, 0x0000000705600000| Untracked 
|  24|0x0000000705800000, 0x0000000705a00000, 0x0000000705a00000|100%| S|CS|TAMS 0x0000000705800000, 0x0000000705800000| Complete 
|  25|0x0000000705a00000, 0x0000000705c00000, 0x0000000705c00000|100%| S|CS|TAMS 0x0000000705a00000, 0x0000000705a00000| Complete 
|  26|0x0000000705c00000, 0x0000000705c00000, 0x0000000705e00000|  0%| F|  |TAMS 0x0000000705c00000, 0x0000000705c00000| Untracked 
|  27|0x0000000705e00000, 0x0000000705e00000, 0x0000000706000000|  0%| F|  |TAMS 0x0000000705e00000, 0x0000000705e00000| Untracked 
|  28|0x0000000706000000, 0x0000000706000000, 0x0000000706200000|  0%| F|  |TAMS 0x0000000706000000, 0x0000000706000000| Untracked 
|  29|0x0000000706200000, 0x0000000706200000, 0x0000000706400000|  0%| F|  |TAMS 0x0000000706200000, 0x0000000706200000| Untracked 
|  30|0x0000000706400000, 0x0000000706400000, 0x0000000706600000|  0%| F|  |TAMS 0x0000000706400000, 0x0000000706400000| Untracked 
|  31|0x0000000706600000, 0x0000000706600000, 0x0000000706800000|  0%| F|  |TAMS 0x0000000706600000, 0x0000000706600000| Untracked 
|  32|0x0000000706800000, 0x0000000706800000, 0x0000000706a00000|  0%| F|  |TAMS 0x0000000706800000, 0x0000000706800000| Untracked 
|  33|0x0000000706a00000, 0x0000000706a00000, 0x0000000706c00000|  0%| F|  |TAMS 0x0000000706a00000, 0x0000000706a00000| Untracked 
|  34|0x0000000706c00000, 0x0000000706c00000, 0x0000000706e00000|  0%| F|  |TAMS 0x0000000706c00000, 0x0000000706c00000| Untracked 
|  35|0x0000000706e00000, 0x0000000706e00000, 0x0000000707000000|  0%| F|  |TAMS 0x0000000706e00000, 0x0000000706e00000| Untracked 
|  36|0x0000000707000000, 0x0000000707000000, 0x0000000707200000|  0%| F|  |TAMS 0x0000000707000000, 0x0000000707000000| Untracked 
|  37|0x0000000707200000, 0x0000000707200000, 0x0000000707400000|  0%| F|  |TAMS 0x0000000707200000, 0x0000000707200000| Untracked 
|  38|0x0000000707400000, 0x0000000707400000, 0x0000000707600000|  0%| F|  |TAMS 0x0000000707400000, 0x0000000707400000| Untracked 
|  39|0x0000000707600000, 0x0000000707600000, 0x0000000707800000|  0%| F|  |TAMS 0x0000000707600000, 0x0000000707600000| Untracked 
|  40|0x0000000707800000, 0x0000000707800000, 0x0000000707a00000|  0%| F|  |TAMS 0x0000000707800000, 0x0000000707800000| Untracked 
|  41|0x0000000707a00000, 0x0000000707ae83b8, 0x0000000707c00000| 45%| E|  |TAMS 0x0000000707a00000, 0x0000000707a00000| Complete 
|  42|0x0000000707c00000, 0x0000000707e00000, 0x0000000707e00000|100%| E|CS|TAMS 0x0000000707c00000, 0x0000000707c00000| Complete 
|  43|0x0000000707e00000, 0x0000000708000000, 0x0000000708000000|100%| E|CS|TAMS 0x0000000707e00000, 0x0000000707e00000| Complete 
|  44|0x0000000708000000, 0x0000000708200000, 0x0000000708200000|100%| E|CS|TAMS 0x0000000708000000, 0x0000000708000000| Complete 
|  45|0x0000000708200000, 0x0000000708400000, 0x0000000708400000|100%| E|CS|TAMS 0x0000000708200000, 0x0000000708200000| Complete 
| 126|0x0000000712400000, 0x0000000712600000, 0x0000000712600000|100%| E|CS|TAMS 0x0000000712400000, 0x0000000712400000| Complete 

Card table byte_map: [0x00000272cf890000,0x00000272d0080000] _byte_map_base: 0x00000272cc07c000

Marking Bits (Prev, Next): (CMBitMap*) 0x00000272b861f6d0, (CMBitMap*) 0x00000272b861f710
 Prev Bits: [0x00000272d0870000, 0x00000272d47d0000)
 Next Bits: [0x00000272d47d0000, 0x00000272d8730000)

Polling page: 0x00000272b7d70000

Metaspace:

Usage:
  Non-class:     53.76 MB used.
      Class:      8.17 MB used.
       Both:     61.93 MB used.

Virtual space:
  Non-class space:       56.00 MB reserved,      53.94 MB ( 96%) committed,  7 nodes.
      Class space:        1.00 GB reserved,       8.31 MB ( <1%) committed,  1 nodes.
             Both:        1.05 GB reserved,      62.25 MB (  6%) committed. 

Chunk freelists:
   Non-Class:  2.11 MB
       Class:  3.58 MB
        Both:  5.69 MB

MaxMetaspaceSize: unlimited
CompressedClassSpaceSize: 1.00 GB
Initial GC threshold: 21.00 MB
Current GC threshold: 91.69 MB
CDS: on
MetaspaceReclaimPolicy: balanced
 - commit_granule_bytes: 65536.
 - commit_granule_words: 8192.
 - virtual_space_node_default_size: 1048576.
 - enlarge_chunks_in_place: 1.
 - new_chunks_are_fully_committed: 0.
 - uncommit_free_chunks: 1.
 - use_allocation_guard: 0.
 - handle_deallocations: 1.


Internal statistics:

num_allocs_failed_limit: 6.
num_arena_births: 426.
num_arena_deaths: 0.
num_vsnodes_births: 8.
num_vsnodes_deaths: 0.
num_space_committed: 996.
num_space_uncommitted: 0.
num_chunks_returned_to_freelist: 6.
num_chunks_taken_from_freelist: 2664.
num_chunk_merges: 6.
num_chunk_splits: 1863.
num_chunks_enlarged: 1468.
num_purges: 0.
num_inconsistent_stats: 0.

CodeHeap 'non-profiled nmethods': size=120000Kb used=4567Kb max_used=4567Kb free=115432Kb
 bounds [0x00000272c7b70000, 0x00000272c7ff0000, 0x00000272cf0a0000]
CodeHeap 'profiled nmethods': size=120000Kb used=14103Kb max_used=14103Kb free=105896Kb
 bounds [0x00000272c00a0000, 0x00000272c0e70000, 0x00000272c75d0000]
CodeHeap 'non-nmethods': size=5760Kb used=1324Kb max_used=1413Kb free=4435Kb
 bounds [0x00000272c75d0000, 0x00000272c7840000, 0x00000272c7b70000]
 total_blobs=7551 nmethods=6901 adapters=562
 compilation: enabled
              stopped_count=0, restarted_count=0
 full_count=0

Compilation events (20 events):
Event: 431.969 Thread 0x00000272db850090 7793       3       com.mysql.cj.jdbc.result.ResultSetFactory::createFromProtocolEntity (6 bytes)
Event: 431.969 Thread 0x00000272db850090 nmethod 7793 0x00000272c0e57290 code [0x00000272c0e57440, 0x00000272c0e57588]
Event: 431.969 Thread 0x00000272db850090 7794   !   3       com.mysql.cj.jdbc.result.ResultSetFactory::createFromProtocolEntity (99 bytes)
Event: 431.970 Thread 0x00000272db850090 nmethod 7794 0x00000272c0e57610 code [0x00000272c0e578e0, 0x00000272c0e588e8]
Event: 431.990 Thread 0x00000272dac49000 nmethod 7792 0x00000272c7fe3410 code [0x00000272c7fe36c0, 0x00000272c7fe4b58]
Event: 432.048 Thread 0x00000272dac49000 7795       4       sun.security.ec.ECOperations::setSum (681 bytes)
Event: 432.061 Thread 0x00000272db850090 7798       3       com.mysql.cj.protocol.a.TextResultsetReader::read (333 bytes)
Event: 432.063 Thread 0x00000272db850090 nmethod 7798 0x00000272c0e58f10 code [0x00000272c0e59300, 0x00000272c0e5b668]
Event: 432.063 Thread 0x00000272db850090 7797       3       com.mysql.cj.protocol.a.TextResultsetReader::read (15 bytes)
Event: 432.063 Thread 0x00000272db850090 nmethod 7797 0x00000272c0e5c290 code [0x00000272c0e5c440, 0x00000272c0e5c688]
Event: 432.122 Thread 0x00000272db850090 7799       3       com.mysql.cj.protocol.a.NativePacketPayload::setTag (34 bytes)
Event: 432.123 Thread 0x00000272db850090 nmethod 7799 0x00000272c0e5c790 code [0x00000272c0e5c980, 0x00000272c0e5cf88]
Event: 432.123 Thread 0x00000272db850090 7800   !   3       com.mysql.cj.protocol.a.NativeProtocol::sendQueryPacket (934 bytes)
Event: 432.129 Thread 0x00000272db850090 nmethod 7800 0x00000272c0e5d190 code [0x00000272c0e5db00, 0x00000272c0e635a8]
Event: 432.129 Thread 0x00000272db850090 7801       3       com.mysql.cj.protocol.a.NativePacketPayload::getTag (27 bytes)
Event: 432.129 Thread 0x00000272db850090 nmethod 7801 0x00000272c0e66c90 code [0x00000272c0e66e40, 0x00000272c0e671a8]
Event: 432.134 Thread 0x00000272db850090 7803       3       java.util.Formatter$Flags::<init> (10 bytes)
Event: 432.134 Thread 0x00000272db850090 nmethod 7803 0x00000272c0e67290 code [0x00000272c0e67420, 0x00000272c0e67598]
Event: 432.136 Thread 0x00000272db850090 7804       3       com.mysql.cj.protocol.a.NativeProtocol::getCommandBuilder (32 bytes)
Event: 432.137 Thread 0x00000272db850090 nmethod 7804 0x00000272c0e67690 code [0x00000272c0e67860, 0x00000272c0e67c58]

GC Heap History (20 events):
Event: 5.282 GC heap before
{Heap before GC invocations=11 (full 0):
 garbage-first heap   total 49152K, used 34044K [0x0000000702800000, 0x0000000800000000)
  region size 2048K, 9 young (18432K), 2 survivors (4096K)
 Metaspace       used 42612K, committed 42944K, reserved 1089536K
  class space    used 5511K, committed 5696K, reserved 1048576K
}
Event: 5.284 GC heap after
{Heap after GC invocations=12 (full 0):
 garbage-first heap   total 49152K, used 20636K [0x0000000702800000, 0x0000000800000000)
  region size 2048K, 2 young (4096K), 2 survivors (4096K)
 Metaspace       used 42612K, committed 42944K, reserved 1089536K
  class space    used 5511K, committed 5696K, reserved 1048576K
}
Event: 5.616 GC heap before
{Heap before GC invocations=12 (full 0):
 garbage-first heap   total 49152K, used 32924K [0x0000000702800000, 0x0000000800000000)
  region size 2048K, 8 young (16384K), 2 survivors (4096K)
 Metaspace       used 45310K, committed 45696K, reserved 1089536K
  class space    used 5897K, committed 6080K, reserved 1048576K
}
Event: 5.619 GC heap after
{Heap after GC invocations=13 (full 0):
 garbage-first heap   total 49152K, used 21507K [0x0000000702800000, 0x0000000800000000)
  region size 2048K, 1 young (2048K), 1 survivors (2048K)
 Metaspace       used 45310K, committed 45696K, reserved 1089536K
  class space    used 5897K, committed 6080K, reserved 1048576K
}
Event: 5.985 GC heap before
{Heap before GC invocations=13 (full 0):
 garbage-first heap   total 49152K, used 33795K [0x0000000702800000, 0x0000000800000000)
  region size 2048K, 8 young (16384K), 1 survivors (2048K)
 Metaspace       used 49097K, committed 49408K, reserved 1097728K
  class space    used 6461K, committed 6592K, reserved 1048576K
}
Event: 5.990 GC heap after
{Heap after GC invocations=14 (full 0):
 garbage-first heap   total 49152K, used 22471K [0x0000000702800000, 0x0000000800000000)
  region size 2048K, 1 young (2048K), 1 survivors (2048K)
 Metaspace       used 49097K, committed 49408K, reserved 1097728K
  class space    used 6461K, committed 6592K, reserved 1048576K
}
Event: 6.295 GC heap before
{Heap before GC invocations=14 (full 0):
 garbage-first heap   total 49152K, used 34759K [0x0000000702800000, 0x0000000800000000)
  region size 2048K, 7 young (14336K), 1 survivors (2048K)
 Metaspace       used 51638K, committed 51904K, reserved 1097728K
  class space    used 6859K, committed 6976K, reserved 1048576K
}
Event: 6.298 GC heap after
{Heap after GC invocations=15 (full 0):
 garbage-first heap   total 49152K, used 22992K [0x0000000702800000, 0x0000000800000000)
  region size 2048K, 1 young (2048K), 1 survivors (2048K)
 Metaspace       used 51638K, committed 51904K, reserved 1097728K
  class space    used 6859K, committed 6976K, reserved 1048576K
}
Event: 6.623 GC heap before
{Heap before GC invocations=16 (full 0):
 garbage-first heap   total 49152K, used 37328K [0x0000000702800000, 0x0000000800000000)
  region size 2048K, 8 young (16384K), 1 survivors (2048K)
 Metaspace       used 54341K, committed 54656K, reserved 1097728K
  class space    used 7229K, committed 7424K, reserved 1048576K
}
Event: 6.627 GC heap after
{Heap after GC invocations=17 (full 0):
 garbage-first heap   total 49152K, used 24093K [0x0000000702800000, 0x0000000800000000)
  region size 2048K, 1 young (2048K), 1 survivors (2048K)
 Metaspace       used 54341K, committed 54656K, reserved 1097728K
  class space    used 7229K, committed 7424K, reserved 1048576K
}
Event: 6.825 GC heap before
{Heap before GC invocations=17 (full 0):
 garbage-first heap   total 49152K, used 38429K [0x0000000702800000, 0x0000000800000000)
  region size 2048K, 8 young (16384K), 1 survivors (2048K)
 Metaspace       used 55854K, committed 56192K, reserved 1105920K
  class space    used 7437K, committed 7616K, reserved 1048576K
}
Event: 6.828 GC heap after
{Heap after GC invocations=18 (full 0):
 garbage-first heap   total 155648K, used 24958K [0x0000000702800000, 0x0000000800000000)
  region size 2048K, 1 young (2048K), 1 survivors (2048K)
 Metaspace       used 55854K, committed 56192K, reserved 1105920K
  class space    used 7437K, committed 7616K, reserved 1048576K
}
Event: 7.677 GC heap before
{Heap before GC invocations=19 (full 0):
 garbage-first heap   total 96256K, used 80254K [0x0000000702800000, 0x0000000800000000)
  region size 2048K, 28 young (57344K), 1 survivors (2048K)
 Metaspace       used 61484K, committed 61888K, reserved 1105920K
  class space    used 8201K, committed 8384K, reserved 1048576K
}
Event: 7.682 GC heap after
{Heap after GC invocations=20 (full 0):
 garbage-first heap   total 96256K, used 28260K [0x0000000702800000, 0x0000000800000000)
  region size 2048K, 3 young (6144K), 3 survivors (6144K)
 Metaspace       used 61484K, committed 61888K, reserved 1105920K
  class space    used 8201K, committed 8384K, reserved 1048576K
}
Event: 7.713 GC heap before
{Heap before GC invocations=20 (full 0):
 garbage-first heap   total 96256K, used 30308K [0x0000000702800000, 0x0000000800000000)
  region size 2048K, 4 young (8192K), 3 survivors (6144K)
 Metaspace       used 61537K, committed 61888K, reserved 1105920K
  class space    used 8213K, committed 8384K, reserved 1048576K
}
Event: 7.718 GC heap after
{Heap after GC invocations=21 (full 0):
 garbage-first heap   total 96256K, used 28539K [0x0000000702800000, 0x0000000800000000)
  region size 2048K, 1 young (2048K), 1 survivors (2048K)
 Metaspace       used 61537K, committed 61888K, reserved 1105920K
  class space    used 8213K, committed 8384K, reserved 1048576K
}
Event: 149.076 GC heap before
{Heap before GC invocations=21 (full 0):
 garbage-first heap   total 96256K, used 73595K [0x0000000702800000, 0x0000000800000000)
  region size 2048K, 23 young (47104K), 1 survivors (2048K)
 Metaspace       used 63054K, committed 63424K, reserved 1105920K
  class space    used 8364K, committed 8512K, reserved 1048576K
}
Event: 149.081 GC heap after
{Heap after GC invocations=22 (full 0):
 garbage-first heap   total 96256K, used 31029K [0x0000000702800000, 0x0000000800000000)
  region size 2048K, 2 young (4096K), 2 survivors (4096K)
 Metaspace       used 63054K, committed 63424K, reserved 1105920K
  class space    used 8364K, committed 8512K, reserved 1048576K
}
Event: 365.096 GC heap before
{Heap before GC invocations=22 (full 0):
 garbage-first heap   total 96256K, used 74037K [0x0000000702800000, 0x0000000800000000)
  region size 2048K, 23 young (47104K), 2 survivors (4096K)
 Metaspace       used 63276K, committed 63616K, reserved 1105920K
  class space    used 8364K, committed 8512K, reserved 1048576K
}
Event: 365.102 GC heap after
{Heap after GC invocations=23 (full 0):
 garbage-first heap   total 96256K, used 32839K [0x0000000702800000, 0x0000000800000000)
  region size 2048K, 3 young (6144K), 3 survivors (6144K)
 Metaspace       used 63276K, committed 63616K, reserved 1105920K
  class space    used 8364K, committed 8512K, reserved 1048576K
}

Dll operation events (13 events):
Event: 0.010 Loaded shared library C:\Program Files\Amazon Corretto\jdk17.0.6_10\bin\java.dll
Event: 0.026 Loaded shared library C:\Program Files\Amazon Corretto\jdk17.0.6_10\bin\jsvml.dll
Event: 0.119 Loaded shared library C:\Program Files\Amazon Corretto\jdk17.0.6_10\bin\zip.dll
Event: 0.120 Loaded shared library C:\Program Files\Amazon Corretto\jdk17.0.6_10\bin\instrument.dll
Event: 0.125 Loaded shared library C:\Program Files\Amazon Corretto\jdk17.0.6_10\bin\net.dll
Event: 0.126 Loaded shared library C:\Program Files\Amazon Corretto\jdk17.0.6_10\bin\nio.dll
Event: 0.128 Loaded shared library C:\Program Files\Amazon Corretto\jdk17.0.6_10\bin\zip.dll
Event: 0.210 Loaded shared library C:\Program Files\JetBrains\IntelliJ IDEA Community Edition 2023.1\bin\breakgen64.dll
Event: 0.218 Loaded shared library C:\Program Files\Amazon Corretto\jdk17.0.6_10\bin\verify.dll
Event: 0.230 Loaded shared library C:\Program Files\Amazon Corretto\jdk17.0.6_10\bin\jimage.dll
Event: 0.534 Loaded shared library C:\Program Files\Amazon Corretto\jdk17.0.6_10\bin\management.dll
Event: 0.536 Loaded shared library C:\Program Files\Amazon Corretto\jdk17.0.6_10\bin\management_ext.dll
Event: 3.457 Loaded shared library C:\Program Files\Amazon Corretto\jdk17.0.6_10\bin\sunmscapi.dll

Deoptimization events (20 events):
Event: 291.623 Thread 0x00000272e02c0390 DEOPT PACKING pc=0x00000272c7faf858 sp=0x000000deab1fde50
Event: 291.623 Thread 0x00000272e02c0390 DEOPT UNPACKING pc=0x00000272c76269a3 sp=0x000000deab1fde68 mode 2
Event: 291.627 Thread 0x00000272e02c0390 Uncommon trap: trap_request=0xffffffbe fr.pc=0x00000272c7faf858 relative=0x00000000000011f8
Event: 291.627 Thread 0x00000272e02c0390 Uncommon trap: reason=profile_predicate action=maybe_recompile pc=0x00000272c7faf858 method=sun.security.util.math.IntegerModuloP.pow(Ljava/math/BigInteger;)Lsun/security/util/math/ImmutableIntegerModuloP; @ 37 c2
Event: 291.627 Thread 0x00000272e02c0390 DEOPT PACKING pc=0x00000272c7faf858 sp=0x000000deab1fdd40
Event: 291.627 Thread 0x00000272e02c0390 DEOPT UNPACKING pc=0x00000272c76269a3 sp=0x000000deab1fdd58 mode 2
Event: 291.784 Thread 0x00000272e02c0390 Uncommon trap: trap_request=0xffffffbe fr.pc=0x00000272c7faf858 relative=0x00000000000011f8
Event: 291.784 Thread 0x00000272e02c0390 Uncommon trap: reason=profile_predicate action=maybe_recompile pc=0x00000272c7faf858 method=sun.security.util.math.IntegerModuloP.pow(Ljava/math/BigInteger;)Lsun/security/util/math/ImmutableIntegerModuloP; @ 37 c2
Event: 291.784 Thread 0x00000272e02c0390 DEOPT PACKING pc=0x00000272c7faf858 sp=0x000000deab1fde50
Event: 291.784 Thread 0x00000272e02c0390 DEOPT UNPACKING pc=0x00000272c76269a3 sp=0x000000deab1fde68 mode 2
Event: 291.789 Thread 0x00000272e02c0390 Uncommon trap: trap_request=0xffffffbe fr.pc=0x00000272c7faf858 relative=0x00000000000011f8
Event: 291.789 Thread 0x00000272e02c0390 Uncommon trap: reason=profile_predicate action=maybe_recompile pc=0x00000272c7faf858 method=sun.security.util.math.IntegerModuloP.pow(Ljava/math/BigInteger;)Lsun/security/util/math/ImmutableIntegerModuloP; @ 37 c2
Event: 291.789 Thread 0x00000272e02c0390 DEOPT PACKING pc=0x00000272c7faf858 sp=0x000000deab1fdd40
Event: 291.789 Thread 0x00000272e02c0390 DEOPT UNPACKING pc=0x00000272c76269a3 sp=0x000000deab1fdd58 mode 2
Event: 359.600 Thread 0x00000272e02be6b0 DEOPT PACKING pc=0x00000272c0b1477b sp=0x000000deab2fdc80
Event: 359.600 Thread 0x00000272e02be6b0 DEOPT UNPACKING pc=0x00000272c7627143 sp=0x000000deab2fd108 mode 0
Event: 361.990 Thread 0x00000272e02be6b0 DEOPT PACKING pc=0x00000272c010deba sp=0x000000deab2fe860
Event: 361.990 Thread 0x00000272e02be6b0 DEOPT UNPACKING pc=0x00000272c7627143 sp=0x000000deab2fdd70 mode 0
Event: 363.484 Thread 0x00000272e02be6b0 DEOPT PACKING pc=0x00000272c0ad26be sp=0x000000deab2fd9a0
Event: 363.484 Thread 0x00000272e02be6b0 DEOPT UNPACKING pc=0x00000272c7627143 sp=0x000000deab2fcdf8 mode 0

Classes unloaded (0 events):
No events

Classes redefined (0 events):
No events

Internal exceptions (20 events):
Event: 7.236 Thread 0x00000272dc305db0 Exception <a 'java/lang/ClassNotFoundException'{0x000000070661b758}: org/springframework/security/config/annotation/web/configuration/HttpSecurityConfigurationCustomizer> (0x000000070661b758) 
thrown [s\src\hotspot\share\classfile\systemDictionary.cpp, line 256]
Event: 7.401 Thread 0x00000272dc305db0 Exception <a 'java/lang/ClassNotFoundException'{0x0000000705fe0258}: java/lang/ObjectCustomizer> (0x0000000705fe0258) 
thrown [s\src\hotspot\share\classfile\systemDictionary.cpp, line 256]
Event: 7.402 Thread 0x00000272dc305db0 Exception <a 'java/lang/ClassNotFoundException'{0x0000000705fe84c8}: org/springframework/web/servlet/config/annotation/WebMvcConfigurationSupportCustomizer> (0x0000000705fe84c8) 
thrown [s\src\hotspot\share\classfile\systemDictionary.cpp, line 256]
Event: 7.403 Thread 0x00000272dc305db0 Exception <a 'java/lang/ClassNotFoundException'{0x0000000705ffcd08}: org/springframework/web/servlet/config/annotation/DelegatingWebMvcConfigurationCustomizer> (0x0000000705ffcd08) 
thrown [s\src\hotspot\share\classfile\systemDictionary.cpp, line 256]
Event: 7.404 Thread 0x00000272dc305db0 Exception <a 'java/lang/ClassNotFoundException'{0x0000000705c06ab0}: org/springframework/boot/autoconfigure/web/servlet/WebMvcAutoConfiguration$EnableWebMvcConfigurationCustomizer> (0x0000000705c06ab0) 
thrown [s\src\hotspot\share\classfile\systemDictionary.cpp, line 256]
Event: 7.406 Thread 0x00000272dc305db0 Exception <a 'java/lang/ClassNotFoundException'{0x0000000705c19140}: org/springframework/context/ResourceLoaderAwareCustomizer> (0x0000000705c19140) 
thrown [s\src\hotspot\share\classfile\systemDictionary.cpp, line 256]
Event: 7.406 Thread 0x00000272dc305db0 Exception <a 'java/lang/ClassNotFoundException'{0x0000000705c1e560}: org/springframework/beans/factory/AwareCustomizer> (0x0000000705c1e560) 
thrown [s\src\hotspot\share\classfile\systemDictionary.cpp, line 256]
Event: 7.407 Thread 0x00000272dc305db0 Exception <a 'java/lang/ClassNotFoundException'{0x0000000705c22d78}: org/springframework/context/ApplicationContextAwareCustomizer> (0x0000000705c22d78) 
thrown [s\src\hotspot\share\classfile\systemDictionary.cpp, line 256]
Event: 7.407 Thread 0x00000272dc305db0 Exception <a 'java/lang/ClassNotFoundException'{0x0000000705c28c88}: org/springframework/beans/factory/AwareCustomizer> (0x0000000705c28c88) 
thrown [s\src\hotspot\share\classfile\systemDictionary.cpp, line 256]
Event: 7.407 Thread 0x00000272dc305db0 Exception <a 'java/lang/ClassNotFoundException'{0x0000000705c2d478}: org/springframework/web/context/ServletContextAwareCustomizer> (0x0000000705c2d478) 
thrown [s\src\hotspot\share\classfile\systemDictionary.cpp, line 256]
Event: 7.407 Thread 0x00000272dc305db0 Exception <a 'java/lang/ClassNotFoundException'{0x0000000705c32cd0}: org/springframework/beans/factory/AwareCustomizer> (0x0000000705c32cd0) 
thrown [s\src\hotspot\share\classfile\systemDictionary.cpp, line 256]
Event: 7.424 Thread 0x00000272dc305db0 Exception <a 'java/lang/NoSuchMethodError'{0x0000000705d463f8}: 'void java.lang.invoke.DirectMethodHandle$Holder.invokeVirtual(java.lang.Object, java.lang.Object, java.lang.Object, java.lang.Object)'> (0x0000000705d463f8) 
thrown [s\src\hotspot\share\interpreter\linkResolver.cpp, line 759]
Event: 7.558 Thread 0x00000272dc305db0 Exception <a 'java/lang/NoSuchMethodError'{0x00000007054b02c0}: 'void java.lang.invoke.DirectMethodHandle$Holder.invokeVirtual(java.lang.Object, java.lang.Object, int)'> (0x00000007054b02c0) 
thrown [s\src\hotspot\share\interpreter\linkResolver.cpp, line 759]
Event: 7.560 Thread 0x00000272dc305db0 Exception <a 'java/lang/NoSuchMethodError'{0x00000007054cac70}: 'void java.lang.invoke.DirectMethodHandle$Holder.invokeVirtual(java.lang.Object, java.lang.Object, long)'> (0x00000007054cac70) 
thrown [s\src\hotspot\share\interpreter\linkResolver.cpp, line 759]
Event: 7.707 Thread 0x00000272dc305db0 Exception <a 'java/lang/IncompatibleClassChangeError'{0x0000000712575ac0}: Found class java.lang.Object, but interface was expected> (0x0000000712575ac0) 
thrown [s\src\hotspot\share\interpreter\linkResolver.cpp, line 826]
Event: 7.850 Thread 0x00000272dc305db0 Exception <a 'java/lang/NoSuchMethodError'{0x0000000707ac12e0}: 'java.lang.Object java.lang.invoke.DirectMethodHandle$Holder.invokeSpecial(java.lang.Object, java.lang.Object, int, java.lang.Object, int, java.lang.Object)'> (0x0000000707ac12e0) 
thrown [s\src\hotspot\share\interpreter\linkResolver.cpp, line 759]
Event: 7.850 Thread 0x00000272dc305db0 Exception <a 'java/lang/NoSuchMethodError'{0x0000000707ac90e0}: 'java.lang.Object java.lang.invoke.DirectMethodHandle$Holder.newInvokeSpecial(java.lang.Object, java.lang.Object, int, java.lang.Object, int)'> (0x0000000707ac90e0) 
thrown [s\src\hotspot\share\interpreter\linkResolver.cpp, line 759]
Event: 7.851 Thread 0x00000272dc305db0 Exception <a 'java/lang/NoSuchMethodError'{0x0000000707acd1e0}: 'java.lang.Object java.lang.invoke.DirectMethodHandle$Holder.invokeSpecial(java.lang.Object, java.lang.Object, java.lang.Object, int, java.lang.Object, int)'> (0x0000000707acd1e0) 
thrown [s\src\hotspot\share\interpreter\linkResolver.cpp, line 759]
Event: 7.852 Thread 0x00000272dc305db0 Exception <a 'java/lang/NoSuchMethodError'{0x0000000707ad70c8}: 'void java.lang.invoke.DirectMethodHandle$Holder.invokeVirtual(java.lang.Object, java.lang.Object)'> (0x0000000707ad70c8) 
thrown [s\src\hotspot\share\interpreter\linkResolver.cpp, line 759]
Event: 75.304 Thread 0x00000272e02bd840 Implicit null exception at 0x00000272c7f24cef to 0x00000272c7f253d8

VM Operations (20 events):
Event: 290.137 Executing VM operation: Cleanup
Event: 290.137 Executing VM operation: Cleanup done
Event: 291.146 Executing VM operation: Cleanup
Event: 291.146 Executing VM operation: Cleanup done
Event: 300.197 Executing VM operation: Cleanup
Event: 300.198 Executing VM operation: Cleanup done
Event: 316.291 Executing VM operation: Cleanup
Event: 316.291 Executing VM operation: Cleanup done
Event: 359.620 Executing VM operation: Cleanup
Event: 359.620 Executing VM operation: Cleanup done
Event: 360.623 Executing VM operation: Cleanup
Event: 360.623 Executing VM operation: Cleanup done
Event: 361.628 Executing VM operation: Cleanup
Event: 361.628 Executing VM operation: Cleanup done
Event: 365.095 Executing VM operation: G1CollectForAllocation
Event: 365.102 Executing VM operation: G1CollectForAllocation done
Event: 430.725 Executing VM operation: Cleanup
Event: 430.725 Executing VM operation: Cleanup done
Event: 431.734 Executing VM operation: Cleanup
Event: 431.734 Executing VM operation: Cleanup done

Events (20 events):
Event: 82.588 Thread 0x00000272e02c1ba0 Thread exited: 0x00000272e02c1ba0
Event: 82.634 Thread 0x00000272e02bd840 Thread exited: 0x00000272e02bd840
Event: 145.973 Thread 0x00000272e02c1200 Thread added: 0x00000272e02c1200
Event: 145.973 Thread 0x00000272e02c0390 Thread added: 0x00000272e02c0390
Event: 154.503 Thread 0x00000272e02c1200 Thread exited: 0x00000272e02c1200
Event: 154.535 Thread 0x00000272e02c0390 Thread exited: 0x00000272e02c0390
Event: 217.230 Thread 0x00000272e02c0390 Thread added: 0x00000272e02c0390
Event: 217.230 Thread 0x00000272e02be6b0 Thread added: 0x00000272e02be6b0
Event: 224.984 Thread 0x00000272e02c0390 Thread exited: 0x00000272e02c0390
Event: 225.016 Thread 0x00000272e02be6b0 Thread exited: 0x00000272e02be6b0
Event: 288.110 Thread 0x00000272e02bc500 Thread added: 0x00000272e02bc500
Event: 288.110 Thread 0x00000272e02c0390 Thread added: 0x00000272e02c0390
Event: 296.795 Thread 0x00000272e02bc500 Thread exited: 0x00000272e02bc500
Event: 296.811 Thread 0x00000272e02c0390 Thread exited: 0x00000272e02c0390
Event: 359.589 Thread 0x00000272e02be1e0 Thread added: 0x00000272e02be1e0
Event: 359.589 Thread 0x00000272e02be6b0 Thread added: 0x00000272e02be6b0
Event: 368.491 Thread 0x00000272e02be1e0 Thread exited: 0x00000272e02be1e0
Event: 368.506 Thread 0x00000272e02be6b0 Thread exited: 0x00000272e02be6b0
Event: 429.839 Thread 0x00000272e02bf520 Thread added: 0x00000272e02bf520
Event: 429.839 Thread 0x00000272e02c0390 Thread added: 0x00000272e02c0390


Dynamic libraries:
0x00007ff64f720000 - 0x00007ff64f72d000 	C:\Program Files\Amazon Corretto\jdk17.0.6_10\bin\java.exe
0x00007ffd65350000 - 0x00007ffd65567000 	C:\Windows\SYSTEM32\ntdll.dll
0x00007ffd640b0000 - 0x00007ffd64174000 	C:\Windows\System32\KERNEL32.DLL
0x00007ffd627f0000 - 0x00007ffd62ba7000 	C:\Windows\System32\KERNELBASE.dll
0x00007ffd62f60000 - 0x00007ffd63071000 	C:\Windows\System32\ucrtbase.dll
0x00007ffd53340000 - 0x00007ffd53355000 	C:\Program Files\Amazon Corretto\jdk17.0.6_10\bin\VCRUNTIME140.dll
0x00007ffd53360000 - 0x00007ffd53377000 	C:\Program Files\Amazon Corretto\jdk17.0.6_10\bin\jli.dll
0x00007ffd4afd0000 - 0x00007ffd4b263000 	C:\Windows\WinSxS\amd64_microsoft.windows.common-controls_6595b64144ccf1df_6.0.22621.3672_none_2713b9d173822955\COMCTL32.dll
0x00007ffd64000000 - 0x00007ffd640a7000 	C:\Windows\System32\msvcrt.dll
0x00007ffd64360000 - 0x00007ffd6450f000 	C:\Windows\System32\USER32.dll
0x00007ffd64180000 - 0x00007ffd641a9000 	C:\Windows\System32\GDI32.dll
0x00007ffd62d50000 - 0x00007ffd62d76000 	C:\Windows\System32\win32u.dll
0x00007ffd62bb0000 - 0x00007ffd62cc8000 	C:\Windows\System32\gdi32full.dll
0x00007ffd62690000 - 0x00007ffd6272a000 	C:\Windows\System32\msvcp_win.dll
0x00007ffd63080000 - 0x00007ffd630b1000 	C:\Windows\System32\IMM32.DLL
0x00007ffd33d60000 - 0x00007ffd33dfb000 	C:\Program Files\Amazon Corretto\jdk17.0.6_10\bin\msvcp140.dll
0x00007ffd18460000 - 0x00007ffd19078000 	C:\Program Files\Amazon Corretto\jdk17.0.6_10\bin\server\jvm.dll
0x00007ffd64f10000 - 0x00007ffd64fc2000 	C:\Windows\System32\ADVAPI32.dll
0x00007ffd65260000 - 0x00007ffd65308000 	C:\Windows\System32\sechost.dll
0x00007ffd62660000 - 0x00007ffd62688000 	C:\Windows\System32\bcrypt.dll
0x00007ffd63d10000 - 0x00007ffd63e24000 	C:\Windows\System32\RPCRT4.dll
0x00007ffd51dc0000 - 0x00007ffd51dc9000 	C:\Windows\SYSTEM32\WSOCK32.dll
0x00007ffd63c90000 - 0x00007ffd63d01000 	C:\Windows\System32\WS2_32.dll
0x00007ffd601c0000 - 0x00007ffd601ca000 	C:\Windows\SYSTEM32\VERSION.dll
0x00007ffd4a5f0000 - 0x00007ffd4a624000 	C:\Windows\SYSTEM32\WINMM.dll
0x00007ffd61670000 - 0x00007ffd61688000 	C:\Windows\SYSTEM32\kernel.appcore.dll
0x00007ffd60090000 - 0x00007ffd6009a000 	C:\Program Files\Amazon Corretto\jdk17.0.6_10\bin\jimage.dll
0x00007ffd43ce0000 - 0x00007ffd43f12000 	C:\Windows\SYSTEM32\DBGHELP.DLL
0x00007ffd64510000 - 0x00007ffd6489e000 	C:\Windows\System32\combase.dll
0x00007ffd63bb0000 - 0x00007ffd63c87000 	C:\Windows\System32\OLEAUT32.dll
0x00007ffd43c40000 - 0x00007ffd43c72000 	C:\Windows\SYSTEM32\dbgcore.DLL
0x00007ffd62cd0000 - 0x00007ffd62d4b000 	C:\Windows\System32\bcryptPrimitives.dll
0x00007ffd602a0000 - 0x00007ffd602ae000 	C:\Program Files\Amazon Corretto\jdk17.0.6_10\bin\instrument.dll
0x00007ffd40790000 - 0x00007ffd407b5000 	C:\Program Files\Amazon Corretto\jdk17.0.6_10\bin\java.dll
0x00007ffd1eaf0000 - 0x00007ffd1ebc6000 	C:\Program Files\Amazon Corretto\jdk17.0.6_10\bin\jsvml.dll
0x00007ffd63150000 - 0x00007ffd639b9000 	C:\Windows\System32\SHELL32.dll
0x00007ffd60580000 - 0x00007ffd60e7f000 	C:\Windows\SYSTEM32\windows.storage.dll
0x00007ffd60440000 - 0x00007ffd6057f000 	C:\Windows\SYSTEM32\wintypes.dll
0x00007ffd639c0000 - 0x00007ffd63ab9000 	C:\Windows\System32\SHCORE.dll
0x00007ffd63b50000 - 0x00007ffd63bae000 	C:\Windows\System32\shlwapi.dll
0x00007ffd62590000 - 0x00007ffd625b7000 	C:\Windows\SYSTEM32\profapi.dll
0x00007ffd3fe30000 - 0x00007ffd3fe48000 	C:\Program Files\Amazon Corretto\jdk17.0.6_10\bin\zip.dll
0x00007ffd52b30000 - 0x00007ffd52b49000 	C:\Program Files\Amazon Corretto\jdk17.0.6_10\bin\net.dll
0x00007ffd5ca50000 - 0x00007ffd5cb86000 	C:\Windows\SYSTEM32\WINHTTP.dll
0x00007ffd61ad0000 - 0x00007ffd61b39000 	C:\Windows\system32\mswsock.dll
0x00007ffd40770000 - 0x00007ffd40785000 	C:\Program Files\Amazon Corretto\jdk17.0.6_10\bin\nio.dll
0x00007ffd53490000 - 0x00007ffd534aa000 	C:\Program Files\JetBrains\IntelliJ IDEA Community Edition 2023.1\bin\breakgen64.dll
0x00007ffd4cd90000 - 0x00007ffd4cda0000 	C:\Program Files\Amazon Corretto\jdk17.0.6_10\bin\verify.dll
0x00007ffd60290000 - 0x00007ffd60299000 	C:\Program Files\Amazon Corretto\jdk17.0.6_10\bin\management.dll
0x00007ffd5e7e0000 - 0x00007ffd5e7eb000 	C:\Program Files\Amazon Corretto\jdk17.0.6_10\bin\management_ext.dll
0x00007ffd64f00000 - 0x00007ffd64f08000 	C:\Windows\System32\PSAPI.DLL
0x00007ffd4f640000 - 0x00007ffd4f657000 	C:\Windows\system32\napinsp.dll
0x00007ffd4f620000 - 0x00007ffd4f63b000 	C:\Windows\system32\pnrpnsp.dll
0x00007ffd61150000 - 0x00007ffd61252000 	C:\Windows\SYSTEM32\DNSAPI.dll
0x00007ffd610e0000 - 0x00007ffd6110d000 	C:\Windows\SYSTEM32\IPHLPAPI.DLL
0x00007ffd63ff0000 - 0x00007ffd63ff9000 	C:\Windows\System32\NSI.dll
0x00007ffd4f5e0000 - 0x00007ffd4f5f1000 	C:\Windows\System32\winrnr.dll
0x00007ffd4f5a0000 - 0x00007ffd4f5b5000 	C:\Windows\system32\wshbth.dll
0x00007ffd4f570000 - 0x00007ffd4f597000 	C:\Windows\system32\nlansp_c.dll
0x00007ffd59df0000 - 0x00007ffd59dfa000 	C:\Windows\System32\rasadhlp.dll
0x00007ffd5be10000 - 0x00007ffd5be93000 	C:\Windows\System32\fwpuclnt.dll
0x00007ffd61e20000 - 0x00007ffd61e3b000 	C:\Windows\SYSTEM32\CRYPTSP.dll
0x00007ffd615d0000 - 0x00007ffd61605000 	C:\Windows\system32\rsaenh.dll
0x00007ffd61b70000 - 0x00007ffd61b98000 	C:\Windows\SYSTEM32\USERENV.dll
0x00007ffd61e00000 - 0x00007ffd61e0c000 	C:\Windows\SYSTEM32\CRYPTBASE.dll
0x00007ffd5dd20000 - 0x00007ffd5dd39000 	C:\Windows\SYSTEM32\dhcpcsvc6.DLL
0x00007ffd5dc40000 - 0x00007ffd5dc5f000 	C:\Windows\SYSTEM32\dhcpcsvc.DLL
0x00007ffd574e0000 - 0x00007ffd574ee000 	C:\Program Files\Amazon Corretto\jdk17.0.6_10\bin\sunmscapi.dll
0x00007ffd62d80000 - 0x00007ffd62ee6000 	C:\Windows\System32\CRYPT32.dll
0x00007ffd61f30000 - 0x00007ffd61f5d000 	C:\Windows\SYSTEM32\ncrypt.dll
0x00007ffd61ef0000 - 0x00007ffd61f27000 	C:\Windows\SYSTEM32\NTASN1.dll
0x00007ffd506e0000 - 0x00007ffd506e8000 	C:\Windows\system32\wshunix.dll

dbghelp: loaded successfully - version: 4.0.5 - missing functions: none
symbol engine: initialized successfully - sym options: 0x614 - pdb path: .;C:\Program Files\Amazon Corretto\jdk17.0.6_10\bin;C:\Windows\SYSTEM32;C:\Windows\WinSxS\amd64_microsoft.windows.common-controls_6595b64144ccf1df_6.0.22621.3672_none_2713b9d173822955;C:\Program Files\Amazon Corretto\jdk17.0.6_10\bin\server;C:\Program Files\JetBrains\IntelliJ IDEA Community Edition 2023.1\bin

VM Arguments:
jvm_args: -javaagent:C:\Program Files\JetBrains\IntelliJ IDEA Community Edition 2023.1\lib\idea_rt.jar=57750:C:\Program Files\JetBrains\IntelliJ IDEA Community Edition 2023.1\bin -Dfile.encoding=UTF-8 
java_command: com.luvina.la.MainApplication
java_class_path (initial): C:\LARG02_Java\03.Output\07.Project\03.BaiTapCuoiKhoa\SRC\04.Back-end\target\classes;C:\Users\LA\.m2\repository\org\springframework\boot\spring-boot-starter-data-jpa\2.7.8\spring-boot-starter-data-jpa-2.7.8.jar;C:\Users\LA\.m2\repository\org\springframework\boot\spring-boot-starter-aop\2.7.8\spring-boot-starter-aop-2.7.8.jar;C:\Users\LA\.m2\repository\org\aspectj\aspectjweaver\1.9.7\aspectjweaver-1.9.7.jar;C:\Users\LA\.m2\repository\org\springframework\boot\spring-boot-starter-jdbc\2.7.8\spring-boot-starter-jdbc-2.7.8.jar;C:\Users\LA\.m2\repository\org\springframework\spring-jdbc\5.3.25\spring-jdbc-5.3.25.jar;C:\Users\LA\.m2\repository\jakarta\transaction\jakarta.transaction-api\1.3.3\jakarta.transaction-api-1.3.3.jar;C:\Users\LA\.m2\repository\jakarta\persistence\jakarta.persistence-api\2.2.3\jakarta.persistence-api-2.2.3.jar;C:\Users\LA\.m2\repository\org\hibernate\hibernate-core\5.6.14.Final\hibernate-core-5.6.14.Final.jar;C:\Users\LA\.m2\repository\org\jboss\logging\jboss-logging\3.4.3.Final\jboss-logging-3.4.3.Final.jar;C:\Users\LA\.m2\repository\net\bytebuddy\byte-buddy\1.12.22\byte-buddy-1.12.22.jar;C:\Users\LA\.m2\repository\antlr\antlr\2.7.7\antlr-2.7.7.jar;C:\Users\LA\.m2\repository\org\jboss\jandex\2.4.2.Final\jandex-2.4.2.Final.jar;C:\Users\LA\.m2\repository\com\fasterxml\classmate\1.5.1\classmate-1.5.1.jar;C:\Users\LA\.m2\repository\org\hibernate\common\hibernate-commons-annotations\5.1.2.Final\hibernate-commons-annotations-5.1.2.Final.jar;C:\Users\LA\.m2\repository\org\glassfish\jaxb\jaxb-runtime\2.3.7\jaxb-runtime-2.3.7.jar;C:\Users\LA\.m2\repository\jakarta\xml\bind\jakarta.xml.bind-api\2.3.3\jakarta.xml.bind-api-2.3.3.jar;C:\Users\LA\.m2\repository\org\glassfish\jaxb\txw2\2.3.7\txw2-2.3.7.jar;C:\Users\LA\.m2\repository\com\sun\istack\istack-commons-runtime\3.0.12\istack-commons-runtime-3.0.12.jar;C:\Users\LA\.m2\repository\com\sun\activation\jakarta.activation\1.2.2\jakarta.activation-1.2.2.jar;C:\Users\LA\.m2\repository
Launcher Type: SUN_STANDARD

[Global flags]
     intx CICompilerCount                          = 3                                         {product} {ergonomic}
     uint ConcGCThreads                            = 1                                         {product} {ergonomic}
     uint G1ConcRefinementThreads                  = 4                                         {product} {ergonomic}
   size_t G1HeapRegionSize                         = 2097152                                   {product} {ergonomic}
    uintx GCDrainStackTargetSize                   = 64                                        {product} {ergonomic}
   size_t InitialHeapSize                          = 266338304                                 {product} {ergonomic}
   size_t MarkStackSize                            = 4194304                                   {product} {ergonomic}
   size_t MaxHeapSize                              = 4253024256                                {product} {ergonomic}
   size_t MaxNewSize                               = 2550136832                                {product} {ergonomic}
   size_t MinHeapDeltaBytes                        = 2097152                                   {product} {ergonomic}
   size_t MinHeapSize                              = 8388608                                   {product} {ergonomic}
    uintx NonNMethodCodeHeapSize                   = 5832780                                {pd product} {ergonomic}
    uintx NonProfiledCodeHeapSize                  = 122912730                              {pd product} {ergonomic}
    uintx ProfiledCodeHeapSize                     = 122912730                              {pd product} {ergonomic}
    uintx ReservedCodeCacheSize                    = 251658240                              {pd product} {ergonomic}
     bool SegmentedCodeCache                       = true                                      {product} {ergonomic}
   size_t SoftMaxHeapSize                          = 4253024256                             {manageable} {ergonomic}
     bool UseCompressedClassPointers               = true                           {product lp64_product} {ergonomic}
     bool UseCompressedOops                        = true                           {product lp64_product} {ergonomic}
     bool UseG1GC                                  = true                                      {product} {ergonomic}
     bool UseLargePagesIndividualAllocation        = false                                  {pd product} {ergonomic}

Logging:
Log output configuration:
 #0: stdout all=warning uptime,level,tags
 #1: stderr all=off uptime,level,tags

Environment Variables:
JAVA_HOME=C:\Program Files\Amazon Corretto\jdk17.0.6_10
PATH=C:\Program Files\Amazon Corretto\jdk17.0.6_10\bin;C:\Windows\system32;C:\Windows;C:\Windows\System32\Wbem;C:\Windows\System32\WindowsPowerShell\v1.0\;C:\Windows\System32\OpenSSH\;C:\Program Files\nodejs\;C:\Program Files (x86)\Yarn\bin\;C:\Program Files\Microsoft VS Code\bin;C:\Program Files\Git\cmd;C:\Program Files\TortoiseGit\bin;C:\Program Files\TortoiseSVN\bin;C:\Program Files\Docker\Docker\resources\bin;C:\Tools\apache-maven-3.6.3\bin;C:\Users\LA\AppData\Local\Microsoft\WindowsApps;
USERNAME=LA
OS=Windows_NT
PROCESSOR_IDENTIFIER=Intel64 Family 6 Model 158 Stepping 11, GenuineIntel
TMP=C:\Users\LA\AppData\Local\Temp
TEMP=C:\Users\LA\AppData\Local\Temp



---------------  S Y S T E M  ---------------

OS:
 Windows 11 , 64 bit Build 22621 (10.0.22621.3958)
OS uptime: 4 days 22:47 hours
Hyper-V role detected

CPU: total 4 (initial active 4) (4 cores per cpu, 1 threads per core) family 6 model 158 stepping 11 microcode 0xf0, cx8, cmov, fxsr, mmx, 3dnowpref, sse, sse2, sse3, ssse3, sse4.1, sse4.2, popcnt, lzcnt, tsc, tscinvbit, avx, avx2, aes, erms, clmul, bmi1, bmi2, adx, fma, vzeroupper, clflush, clflushopt, hv

Memory: 4k page, system-wide physical 16220M (2208M free)
TotalPageFile size 46638M (AvailPageFile size 4M)
current process WorkingSet (physical memory assigned to process): 268M, peak: 284M
current process commit charge ("private bytes"): 299M, peak: 397M

vm_info: OpenJDK 64-Bit Server VM (17.0.6+10-LTS) for windows-amd64 JRE (17.0.6+10-LTS), built on Jan 13 2023 22:57:04 by "Administrator" with MS VC++ 15.9 (VS2017)

END.
