#
# There is insufficient memory for the Java Runtime Environment to continue.
# Native memory allocation (malloc) failed to allocate 1215056 bytes for Chunk::new
# Possible reasons:
#   The system is out of physical RAM or swap space
#   The process is running with CompressedOops enabled, and the Java Heap may be blocking the growth of the native heap
# Possible solutions:
#   Reduce memory load on the system
#   Increase physical memory or swap space
#   Check if swap backing store is full
#   Decrease Java heap size (-Xmx/-Xms)
#   Decrease number of Java threads
#   Decrease Java thread stack sizes (-Xss)
#   Set larger code cache with -XX:ReservedCodeCacheSize=
#   JVM is running with Zero Based Compressed Oops mode in which the Java heap is
#     placed in the first 32GB address space. The Java Heap base address is the
#     maximum limit for the native heap growth. Please use -XX:HeapBaseMinAddress
#     to set the Java Heap base and to place the Java Heap above 32GB virtual address.
# This output file may be truncated or incomplete.
#
#  Out of Memory Error (arena.cpp:189), pid=16044, tid=3340
#
# JRE version: OpenJDK Runtime Environment Corretto-17.0.6.10.1 (17.0.6+10) (build 17.0.6+10-LTS)
# Java VM: OpenJDK 64-Bit Server VM Corretto-17.0.6.10.1 (17.0.6+10-LTS, mixed mode, sharing, tiered, compressed oops, compressed class ptrs, g1 gc, windows-amd64)
# No core dump will be written. Minidumps are not enabled by default on client versions of Windows
#

---------------  S U M M A R Y ------------

Command Line: -javaagent:C:\Program Files\JetBrains\IntelliJ IDEA Community Edition 2023.1\lib\idea_rt.jar=64773:C:\Program Files\JetBrains\IntelliJ IDEA Community Edition 2023.1\bin -Dfile.encoding=UTF-8 com.luvina.la.MainApplication

Host: Intel(R) Core(TM) i3-9100 CPU @ 3.60GHz, 4 cores, 15G,  Windows 11 , 64 bit Build 22621 (10.0.22621.3958)
Time: Tue Oct 15 12:53:21 2024 SE Asia Standard Time elapsed time: 17098.922412 seconds (0d 4h 44m 58s)

---------------  T H R E A D  ---------------

Current thread (0x0000023b60c18160):  JavaThread "C2 CompilerThread0" daemon [_thread_in_native, id=3340, stack(0x000000860ff00000,0x0000008610000000)]


Current CompileTask:
C2:17098922 14607   !   4       sun.security.ssl.Finished$T13FinishedConsumer::onConsumeFinished (645 bytes)

Stack: [0x000000860ff00000,0x0000008610000000]
Native frames: (J=compiled Java code, j=interpreted, Vv=VM code, C=native code)
V  [jvm.dll+0x64b39a]
V  [jvm.dll+0x7ff044]
V  [jvm.dll+0x8007fe]
V  [jvm.dll+0x800e53]
V  [jvm.dll+0x235848]
V  [jvm.dll+0xbce6c]
V  [jvm.dll+0xbd44c]
V  [jvm.dll+0x34f252]
V  [jvm.dll+0x319ccf]
V  [jvm.dll+0x31910a]
V  [jvm.dll+0x209ca5]
V  [jvm.dll+0x209237]
V  [jvm.dll+0x19926d]
V  [jvm.dll+0x2185dd]
V  [jvm.dll+0x216824]
V  [jvm.dll+0x7b77bb]
V  [jvm.dll+0x7b1d6a]
V  [jvm.dll+0x64a265]
C  [ucrtbase.dll+0x29333]
C  [KERNEL32.DLL+0x1257d]
C  [ntdll.dll+0x5af08]


---------------  P R O C E S S  ---------------

Threads class SMR info:
_java_thread_list=0x0000023b64c230f0, length=34, elements={
0x0000023b60c002d0, 0x0000023b60c01140, 0x0000023b60c11c00, 0x0000023b60c127b0,
0x0000023b60c15270, 0x0000023b60c173d0, 0x0000023b60c18160, 0x0000023b60c2a410,
0x0000023b61824c30, 0x0000023b618ff670, 0x0000023b61baf210, 0x0000023b61baf6e0,
0x0000023b67a29c90, 0x0000023b66cfc020, 0x0000023b61def730, 0x0000023b62202210,
0x0000023b64882200, 0x0000023b648826d0, 0x0000023b64882ba0, 0x0000023b64883ee0,
0x0000023b64884880, 0x0000023b64883070, 0x0000023b64883540, 0x0000023b64883a10,
0x0000023b648843b0, 0x0000023b64885220, 0x0000023b648856f0, 0x0000023b64885bc0,
0x0000023b66704d50, 0x0000023b66706090, 0x0000023b667043b0, 0x0000023b667073d0,
0x0000023b6321b440, 0x0000023b63218420
}

Java Threads: ( => current thread )
  0x0000023b60c002d0 JavaThread "Reference Handler" daemon [_thread_blocked, id=3600, stack(0x000000860f900000,0x000000860fa00000)]
  0x0000023b60c01140 JavaThread "Finalizer" daemon [_thread_blocked, id=1656, stack(0x000000860fa00000,0x000000860fb00000)]
  0x0000023b60c11c00 JavaThread "Signal Dispatcher" daemon [_thread_blocked, id=15952, stack(0x000000860fb00000,0x000000860fc00000)]
  0x0000023b60c127b0 JavaThread "Attach Listener" daemon [_thread_blocked, id=2856, stack(0x000000860fc00000,0x000000860fd00000)]
  0x0000023b60c15270 JavaThread "Service Thread" daemon [_thread_blocked, id=2652, stack(0x000000860fd00000,0x000000860fe00000)]
  0x0000023b60c173d0 JavaThread "Monitor Deflation Thread" daemon [_thread_blocked, id=13288, stack(0x000000860fe00000,0x000000860ff00000)]
=>0x0000023b60c18160 JavaThread "C2 CompilerThread0" daemon [_thread_in_native, id=3340, stack(0x000000860ff00000,0x0000008610000000)]
  0x0000023b60c2a410 JavaThread "C1 CompilerThread0" daemon [_thread_blocked, id=8104, stack(0x0000008610000000,0x0000008610100000)]
  0x0000023b61824c30 JavaThread "Sweeper thread" daemon [_thread_blocked, id=4480, stack(0x0000008610100000,0x0000008610200000)]
  0x0000023b618ff670 JavaThread "Common-Cleaner" daemon [_thread_blocked, id=8016, stack(0x0000008610200000,0x0000008610300000)]
  0x0000023b61baf210 JavaThread "Monitor Ctrl-Break" daemon [_thread_in_native, id=8588, stack(0x0000008610300000,0x0000008610400000)]
  0x0000023b61baf6e0 JavaThread "Notification Thread" daemon [_thread_blocked, id=13512, stack(0x0000008610400000,0x0000008610500000)]
  0x0000023b67a29c90 JavaThread "mysql-cj-abandoned-connection-cleanup" daemon [_thread_blocked, id=5000, stack(0x0000008610c00000,0x0000008610d00000)]
  0x0000023b66cfc020 JavaThread "spring-boot-hikari-mysql-cp housekeeper" daemon [_thread_blocked, id=14124, stack(0x0000008610e00000,0x0000008610f00000)]
  0x0000023b61def730 JavaThread "Catalina-utility-1" [_thread_blocked, id=3412, stack(0x0000008611000000,0x0000008611100000)]
  0x0000023b62202210 JavaThread "Catalina-utility-2" [_thread_blocked, id=5960, stack(0x0000008611100000,0x0000008611200000)]
  0x0000023b64882200 JavaThread "container-0" [_thread_blocked, id=13336, stack(0x0000008611200000,0x0000008611300000)]
  0x0000023b648826d0 JavaThread "File Watcher" daemon [_thread_blocked, id=4260, stack(0x0000008611300000,0x0000008611400000)]
  0x0000023b64882ba0 JavaThread "Live Reload Server" daemon [_thread_in_native, id=13608, stack(0x0000008611500000,0x0000008611600000)]
  0x0000023b64883ee0 JavaThread "http-nio-8085-exec-1" daemon [_thread_blocked, id=11144, stack(0x0000008611400000,0x0000008611500000)]
  0x0000023b64884880 JavaThread "http-nio-8085-exec-2" daemon [_thread_blocked, id=444, stack(0x0000008611600000,0x0000008611700000)]
  0x0000023b64883070 JavaThread "http-nio-8085-exec-3" daemon [_thread_blocked, id=14436, stack(0x0000008611700000,0x0000008611800000)]
  0x0000023b64883540 JavaThread "http-nio-8085-exec-4" daemon [_thread_blocked, id=15108, stack(0x0000008611800000,0x0000008611900000)]
  0x0000023b64883a10 JavaThread "http-nio-8085-exec-5" daemon [_thread_blocked, id=8264, stack(0x0000008611900000,0x0000008611a00000)]
  0x0000023b648843b0 JavaThread "http-nio-8085-exec-6" daemon [_thread_blocked, id=4484, stack(0x0000008611a00000,0x0000008611b00000)]
  0x0000023b64885220 JavaThread "http-nio-8085-exec-7" daemon [_thread_blocked, id=14672, stack(0x0000008611b00000,0x0000008611c00000)]
  0x0000023b648856f0 JavaThread "http-nio-8085-exec-8" daemon [_thread_blocked, id=14472, stack(0x0000008611c00000,0x0000008611d00000)]
  0x0000023b64885bc0 JavaThread "http-nio-8085-exec-9" daemon [_thread_blocked, id=12976, stack(0x0000008611d00000,0x0000008611e00000)]
  0x0000023b66704d50 JavaThread "http-nio-8085-exec-10" daemon [_thread_blocked, id=14624, stack(0x0000008611e00000,0x0000008611f00000)]
  0x0000023b66706090 JavaThread "http-nio-8085-Poller" daemon [_thread_in_native, id=12080, stack(0x0000008611f00000,0x0000008612000000)]
  0x0000023b667043b0 JavaThread "http-nio-8085-Acceptor" daemon [_thread_in_native, id=10936, stack(0x0000008612000000,0x0000008612100000)]
  0x0000023b667073d0 JavaThread "DestroyJavaVM" [_thread_blocked, id=10924, stack(0x000000860f200000,0x000000860f300000)]
  0x0000023b6321b440 JavaThread "spring-boot-hikari-mysql-cp connection closer" daemon [_thread_blocked, id=15964, stack(0x000000860ef00000,0x000000860f000000)]
  0x0000023b63218420 JavaThread "spring-boot-hikari-mysql-cp connection adder" daemon [_thread_blocked, id=15212, stack(0x000000860f000000,0x000000860f100000)]

Other Threads:
  0x0000023b60bf9f20 VMThread "VM Thread" [stack: 0x000000860f800000,0x000000860f900000] [id=3232]
  0x0000023b3e585d90 WatcherThread [stack: 0x0000008610500000,0x0000008610600000] [id=8180]
  0x0000023b3e5edf70 GCTaskThread "GC Thread#0" [stack: 0x000000860f300000,0x000000860f400000] [id=1432]
  0x0000023b61fd4010 GCTaskThread "GC Thread#1" [stack: 0x0000008610600000,0x0000008610700000] [id=14488]
  0x0000023b61fd2a90 GCTaskThread "GC Thread#2" [stack: 0x0000008610700000,0x0000008610800000] [id=8460]
  0x0000023b61fd3550 GCTaskThread "GC Thread#3" [stack: 0x0000008610800000,0x0000008610900000] [id=15652]
  0x0000023b3e5fec30 ConcurrentGCThread "G1 Main Marker" [stack: 0x000000860f400000,0x000000860f500000] [id=140]
  0x0000023b3e5ff640 ConcurrentGCThread "G1 Conc#0" [stack: 0x000000860f500000,0x000000860f600000] [id=7992]
  0x0000023b3e63ec00 ConcurrentGCThread "G1 Refine#0" [stack: 0x000000860f600000,0x000000860f700000] [id=10944]
  0x0000023b60ab2b20 ConcurrentGCThread "G1 Service" [stack: 0x000000860f700000,0x000000860f800000] [id=7172]

Threads with active compile tasks:
C2 CompilerThread0  17098953 14607   !   4       sun.security.ssl.Finished$T13FinishedConsumer::onConsumeFinished (645 bytes)

VM state: not at safepoint (normal execution)

VM Mutex/Monitor currently owned by a thread: None

Heap address: 0x0000000702800000, size: 4056 MB, Compressed Oops mode: Zero based, Oop shift amount: 3

CDS archive(s) mapped at: [0x0000000800000000-0x0000000800bc0000-0x0000000800bc0000), size 12320768, SharedBaseAddress: 0x0000000800000000, ArchiveRelocationMode: 0.
Compressed class space mapped at: 0x0000000800c00000-0x0000000840c00000, reserved size: 1073741824
Narrow klass base: 0x0000000800000000, Narrow klass shift: 0, Narrow klass range: 0x100000000

GC Precious Log:
 CPUs: 4 total, 4 available
 Memory: 16220M
 Large Page Support: Disabled
 NUMA Support: Disabled
 Compressed Oops: Enabled (Zero based)
 Heap Region Size: 2M
 Heap Min Capacity: 8M
 Heap Initial Capacity: 254M
 Heap Max Capacity: 4056M
 Pre-touch: Disabled
 Parallel Workers: 4
 Concurrent Workers: 1
 Concurrent Refinement Workers: 4
 Periodic GC: Disabled

Heap:
 garbage-first heap   total 75776K, used 35850K [0x0000000702800000, 0x0000000800000000)
  region size 2048K, 5 young (10240K), 1 survivors (2048K)
 Metaspace       used 72366K, committed 72768K, reserved 1114112K
  class space    used 8884K, committed 9088K, reserved 1048576K

Heap Regions: E=young(eden), S=young(survivor), O=old, HS=humongous(starts), HC=humongous(continues), CS=collection set, F=free, OA=open archive, CA=closed archive, TAMS=top-at-mark-start (previous, next)
|   0|0x0000000702800000, 0x0000000702a00000, 0x0000000702a00000|100%| O|  |TAMS 0x0000000702a00000, 0x0000000702800000| Untracked 
|   1|0x0000000702a00000, 0x0000000702c00000, 0x0000000702c00000|100%| O|  |TAMS 0x0000000702c00000, 0x0000000702a00000| Untracked 
|   2|0x0000000702c00000, 0x0000000702e00000, 0x0000000702e00000|100%| O|  |TAMS 0x0000000702e00000, 0x0000000702c00000| Untracked 
|   3|0x0000000702e00000, 0x0000000703000000, 0x0000000703000000|100%| O|  |TAMS 0x0000000703000000, 0x0000000702e00000| Untracked 
|   4|0x0000000703000000, 0x0000000703200000, 0x0000000703200000|100%| O|  |TAMS 0x0000000703200000, 0x0000000703000000| Untracked 
|   5|0x0000000703200000, 0x0000000703400000, 0x0000000703400000|100%| O|  |TAMS 0x0000000703400000, 0x0000000703200000| Untracked 
|   6|0x0000000703400000, 0x0000000703600000, 0x0000000703600000|100%| O|  |TAMS 0x0000000703600000, 0x0000000703400000| Untracked 
|   7|0x0000000703600000, 0x0000000703600000, 0x0000000703800000|  0%| F|  |TAMS 0x0000000703600000, 0x0000000703600000| Untracked 
|   8|0x0000000703800000, 0x0000000703a00000, 0x0000000703a00000|100%| O|  |TAMS 0x0000000703a00000, 0x0000000703800000| Untracked 
|   9|0x0000000703a00000, 0x0000000703c00000, 0x0000000703c00000|100%| O|  |TAMS 0x0000000703c00000, 0x0000000703a00000| Untracked 
|  10|0x0000000703c00000, 0x0000000703c92200, 0x0000000703e00000| 28%| O|  |TAMS 0x0000000703c00000, 0x0000000703c00000| Untracked 
|  11|0x0000000703e00000, 0x0000000704000000, 0x0000000704000000|100%| O|  |TAMS 0x0000000704000000, 0x0000000703e00000| Untracked 
|  12|0x0000000704000000, 0x0000000704200000, 0x0000000704200000|100%| O|  |TAMS 0x0000000704200000, 0x0000000704000000| Untracked 
|  13|0x0000000704200000, 0x0000000704400000, 0x0000000704400000|100%| O|  |TAMS 0x0000000704400000, 0x0000000704200000| Untracked 
|  14|0x0000000704400000, 0x0000000704600000, 0x0000000704600000|100%| O|  |TAMS 0x0000000704401c00, 0x0000000704400000| Untracked 
|  15|0x0000000704600000, 0x0000000704800000, 0x0000000704800000|100%| O|  |TAMS 0x0000000704800000, 0x0000000704600000| Untracked 
|  16|0x0000000704800000, 0x0000000704800000, 0x0000000704a00000|  0%| F|  |TAMS 0x0000000704800000, 0x0000000704800000| Untracked 
|  17|0x0000000704a00000, 0x0000000704c00000, 0x0000000704c00000|100%| O|  |TAMS 0x0000000704c00000, 0x0000000704a00000| Untracked 
|  18|0x0000000704c00000, 0x0000000704c00000, 0x0000000704e00000|  0%| F|  |TAMS 0x0000000704c00000, 0x0000000704c00000| Untracked 
|  19|0x0000000704e00000, 0x0000000704e00000, 0x0000000705000000|  0%| F|  |TAMS 0x0000000704e00000, 0x0000000704e00000| Untracked 
|  20|0x0000000705000000, 0x0000000705000000, 0x0000000705200000|  0%| F|  |TAMS 0x0000000705000000, 0x0000000705000000| Untracked 
|  21|0x0000000705200000, 0x0000000705200000, 0x0000000705400000|  0%| F|  |TAMS 0x0000000705200000, 0x0000000705200000| Untracked 
|  22|0x0000000705400000, 0x0000000705400000, 0x0000000705600000|  0%| F|  |TAMS 0x0000000705400000, 0x0000000705400000| Untracked 
|  23|0x0000000705600000, 0x0000000705600000, 0x0000000705800000|  0%| F|  |TAMS 0x0000000705600000, 0x0000000705600000| Untracked 
|  24|0x0000000705800000, 0x0000000705800000, 0x0000000705a00000|  0%| F|  |TAMS 0x0000000705800000, 0x0000000705800000| Untracked 
|  25|0x0000000705a00000, 0x0000000705a00000, 0x0000000705c00000|  0%| F|  |TAMS 0x0000000705a00000, 0x0000000705a00000| Untracked 
|  26|0x0000000705c00000, 0x0000000705c00000, 0x0000000705e00000|  0%| F|  |TAMS 0x0000000705c00000, 0x0000000705c00000| Untracked 
|  27|0x0000000705e00000, 0x0000000705e00000, 0x0000000706000000|  0%| F|  |TAMS 0x0000000705e00000, 0x0000000705e00000| Untracked 
|  28|0x0000000706000000, 0x0000000706000000, 0x0000000706200000|  0%| F|  |TAMS 0x0000000706000000, 0x0000000706000000| Untracked 
|  29|0x0000000706200000, 0x0000000706200000, 0x0000000706400000|  0%| F|  |TAMS 0x0000000706200000, 0x0000000706200000| Untracked 
|  30|0x0000000706400000, 0x0000000706400000, 0x0000000706600000|  0%| F|  |TAMS 0x0000000706400000, 0x0000000706400000| Untracked 
|  31|0x0000000706600000, 0x0000000706600000, 0x0000000706800000|  0%| F|  |TAMS 0x0000000706600000, 0x0000000706600000| Untracked 
|  32|0x0000000706800000, 0x0000000706890b00, 0x0000000706a00000| 28%| E|  |TAMS 0x0000000706800000, 0x0000000706800000| Complete 
|  33|0x0000000706a00000, 0x0000000706c00000, 0x0000000706c00000|100%| E|CS|TAMS 0x0000000706a00000, 0x0000000706a00000| Complete 
|  34|0x0000000706c00000, 0x0000000706e00000, 0x0000000706e00000|100%| E|  |TAMS 0x0000000706c00000, 0x0000000706c00000| Complete 
|  35|0x0000000706e00000, 0x0000000706e706a0, 0x0000000707000000| 21%| S|CS|TAMS 0x0000000706e00000, 0x0000000706e00000| Complete 
| 126|0x0000000712400000, 0x0000000712600000, 0x0000000712600000|100%| E|CS|TAMS 0x0000000712400000, 0x0000000712400000| Complete 

Card table byte_map: [0x0000023b55860000,0x0000023b56050000] _byte_map_base: 0x0000023b5204c000

Marking Bits (Prev, Next): (CMBitMap*) 0x0000023b3e5ee5c0, (CMBitMap*) 0x0000023b3e5ee580
 Prev Bits: [0x0000023b5a7a0000, 0x0000023b5e700000)
 Next Bits: [0x0000023b56840000, 0x0000023b5a7a0000)

Polling page: 0x0000023b3c570000

Metaspace:

Usage:
  Non-class:     61.99 MB used.
      Class:      8.68 MB used.
       Both:     70.67 MB used.

Virtual space:
  Non-class space:       64.00 MB reserved,      62.19 MB ( 97%) committed,  8 nodes.
      Class space:        1.00 GB reserved,       8.88 MB ( <1%) committed,  1 nodes.
             Both:        1.06 GB reserved,      71.06 MB (  7%) committed. 

Chunk freelists:
   Non-Class:  1.48 MB
       Class:  3.07 MB
        Both:  4.55 MB

MaxMetaspaceSize: unlimited
CompressedClassSpaceSize: 1.00 GB
Initial GC threshold: 21.00 MB
Current GC threshold: 118.38 MB
CDS: on
MetaspaceReclaimPolicy: balanced
 - commit_granule_bytes: 65536.
 - commit_granule_words: 8192.
 - virtual_space_node_default_size: 1048576.
 - enlarge_chunks_in_place: 1.
 - new_chunks_are_fully_committed: 0.
 - uncommit_free_chunks: 1.
 - use_allocation_guard: 0.
 - handle_deallocations: 1.


Internal statistics:

num_allocs_failed_limit: 9.
num_arena_births: 524.
num_arena_deaths: 78.
num_vsnodes_births: 9.
num_vsnodes_deaths: 0.
num_space_committed: 1137.
num_space_uncommitted: 0.
num_chunks_returned_to_freelist: 97.
num_chunks_taken_from_freelist: 3126.
num_chunk_merges: 27.
num_chunk_splits: 2168.
num_chunks_enlarged: 1685.
num_purges: 4.
num_inconsistent_stats: 0.

CodeHeap 'non-profiled nmethods': size=120000Kb used=10168Kb max_used=10168Kb free=109831Kb
 bounds [0x0000023b4db40000, 0x0000023b4e530000, 0x0000023b55070000]
CodeHeap 'profiled nmethods': size=120000Kb used=26439Kb max_used=26439Kb free=93560Kb
 bounds [0x0000023b46070000, 0x0000023b47a50000, 0x0000023b4d5a0000]
CodeHeap 'non-nmethods': size=5760Kb used=1346Kb max_used=1431Kb free=4413Kb
 bounds [0x0000023b4d5a0000, 0x0000023b4d810000, 0x0000023b4db40000]
 total_blobs=12875 nmethods=12202 adapters=584
 compilation: enabled
              stopped_count=0, restarted_count=0
 full_count=0

Compilation events (20 events):
Event: 16668.085 Thread 0x0000023b60c18160 nmethod 14597 0x0000023b4e51f590 code [0x0000023b4e51f9e0, 0x0000023b4e525520]
Event: 16764.572 Thread 0x0000023b60c2a410 14598       3       org.apache.catalina.session.ManagerBase::findSessions (22 bytes)
Event: 16764.572 Thread 0x0000023b60c2a410 nmethod 14598 0x0000023b47a43190 code [0x0000023b47a43360, 0x0000023b47a437b8]
Event: 16812.937 Thread 0x0000023b60c18160 14599       4       java.security.KeyPair::<init> (15 bytes)
Event: 16812.938 Thread 0x0000023b60c18160 nmethod 14599 0x0000023b4e528390 code [0x0000023b4e528500, 0x0000023b4e528758]
Event: 16812.946 Thread 0x0000023b60c18160 14600       4       sun.security.provider.certpath.CertPathConstraintsParameters::<init> (14 bytes)
Event: 16812.952 Thread 0x0000023b60c18160 nmethod 14600 0x0000023b4e528810 code [0x0000023b4e5289a0, 0x0000023b4e528fc8]
Event: 16812.952 Thread 0x0000023b60c18160 14601       4       sun.security.provider.certpath.CertPathConstraintsParameters::<init> (41 bytes)
Event: 16812.952 Thread 0x0000023b65eb3590 14602       4       sun.security.rsa.RSAPSSSignature::ensureInit (53 bytes)
Event: 16812.953 Thread 0x0000023b65eb3590 nmethod 14602 0x0000023b4e529190 code [0x0000023b4e529300, 0x0000023b4e5293b8]
Event: 16812.953 Thread 0x0000023b65eb3590 14603   !   4       sun.security.ssl.OutputRecord::changeWriteCiphers (88 bytes)
Event: 16812.956 Thread 0x0000023b60c18160 nmethod 14601 0x0000023b4e529490 code [0x0000023b4e529600, 0x0000023b4e529b78]
Event: 16812.956 Thread 0x0000023b60c18160 14604       4       sun.security.ssl.SSLSocketOutputRecord::disposeWriteCipher (8 bytes)
Event: 16812.957 Thread 0x0000023b60c18160 nmethod 14604 0x0000023b4e529c10 code [0x0000023b4e529dc0, 0x0000023b4e529f88]
Event: 16812.969 Thread 0x0000023b65eb3590 nmethod 14603 0x0000023b4e52a190 code [0x0000023b4e52a400, 0x0000023b4e52bae0]
Event: 16814.652 Thread 0x0000023b65eb3590 14605   !   4       java.util.concurrent.CopyOnWriteArrayList::add (46 bytes)
Event: 16814.656 Thread 0x0000023b65eb3590 nmethod 14605 0x0000023b4e52c690 code [0x0000023b4e52c820, 0x0000023b4e52d078]
Event: 17092.948 Thread 0x0000023b60c18160 14606       4       java.util.concurrent.CopyOnWriteArrayList::addIfAbsent (31 bytes)
Event: 17092.961 Thread 0x0000023b60c18160 nmethod 14606 0x0000023b4e52d290 code [0x0000023b4e52d440, 0x0000023b4e52de78]
Event: 17098.814 Thread 0x0000023b60c18160 14607   !   4       sun.security.ssl.Finished$T13FinishedConsumer::onConsumeFinished (645 bytes)

GC Heap History (20 events):
Event: 16172.988 GC heap before
{Heap before GC invocations=212 (full 0):
 garbage-first heap   total 75776K, used 37840K [0x0000000702800000, 0x0000000800000000)
  region size 2048K, 3 young (6144K), 2 survivors (4096K)
 Metaspace       used 72354K, committed 72768K, reserved 1114112K
  class space    used 8883K, committed 9088K, reserved 1048576K
}
Event: 16172.992 GC heap after
{Heap after GC invocations=213 (full 0):
 garbage-first heap   total 75776K, used 32113K [0x0000000702800000, 0x0000000800000000)
  region size 2048K, 1 young (2048K), 1 survivors (2048K)
 Metaspace       used 72354K, committed 72768K, reserved 1114112K
  class space    used 8883K, committed 9088K, reserved 1048576K
}
Event: 16316.184 GC heap before
{Heap before GC invocations=213 (full 0):
 garbage-first heap   total 75776K, used 58737K [0x0000000702800000, 0x0000000800000000)
  region size 2048K, 14 young (28672K), 1 survivors (2048K)
 Metaspace       used 72354K, committed 72768K, reserved 1114112K
  class space    used 8883K, committed 9088K, reserved 1048576K
}
Event: 16316.187 GC heap after
{Heap after GC invocations=214 (full 0):
 garbage-first heap   total 75776K, used 33488K [0x0000000702800000, 0x0000000800000000)
  region size 2048K, 2 young (4096K), 2 survivors (4096K)
 Metaspace       used 72354K, committed 72768K, reserved 1114112K
  class space    used 8883K, committed 9088K, reserved 1048576K
}
Event: 16458.614 GC heap before
{Heap before GC invocations=215 (full 0):
 garbage-first heap   total 75776K, used 56016K [0x0000000702800000, 0x0000000800000000)
  region size 2048K, 14 young (28672K), 2 survivors (4096K)
 Metaspace       used 72354K, committed 72768K, reserved 1114112K
  class space    used 8883K, committed 9088K, reserved 1048576K
}
Event: 16458.618 GC heap after
{Heap after GC invocations=216 (full 0):
 garbage-first heap   total 75776K, used 34312K [0x0000000702800000, 0x0000000800000000)
  region size 2048K, 2 young (4096K), 2 survivors (4096K)
 Metaspace       used 72354K, committed 72768K, reserved 1114112K
  class space    used 8883K, committed 9088K, reserved 1048576K
}
Event: 16459.139 GC heap before
{Heap before GC invocations=216 (full 0):
 garbage-first heap   total 75776K, used 36360K [0x0000000702800000, 0x0000000800000000)
  region size 2048K, 3 young (6144K), 2 survivors (4096K)
 Metaspace       used 72354K, committed 72768K, reserved 1114112K
  class space    used 8883K, committed 9088K, reserved 1048576K
}
Event: 16459.142 GC heap after
{Heap after GC invocations=217 (full 0):
 garbage-first heap   total 75776K, used 32123K [0x0000000702800000, 0x0000000800000000)
  region size 2048K, 1 young (2048K), 1 survivors (2048K)
 Metaspace       used 72354K, committed 72768K, reserved 1114112K
  class space    used 8883K, committed 9088K, reserved 1048576K
}
Event: 16608.709 GC heap before
{Heap before GC invocations=217 (full 0):
 garbage-first heap   total 75776K, used 58747K [0x0000000702800000, 0x0000000800000000)
  region size 2048K, 14 young (28672K), 1 survivors (2048K)
 Metaspace       used 72357K, committed 72768K, reserved 1114112K
  class space    used 8883K, committed 9088K, reserved 1048576K
}
Event: 16608.711 GC heap after
{Heap after GC invocations=218 (full 0):
 garbage-first heap   total 75776K, used 33644K [0x0000000702800000, 0x0000000800000000)
  region size 2048K, 2 young (4096K), 2 survivors (4096K)
 Metaspace       used 72357K, committed 72768K, reserved 1114112K
  class space    used 8883K, committed 9088K, reserved 1048576K
}
Event: 16744.135 GC heap before
{Heap before GC invocations=219 (full 0):
 garbage-first heap   total 75776K, used 58220K [0x0000000702800000, 0x0000000800000000)
  region size 2048K, 14 young (28672K), 2 survivors (4096K)
 Metaspace       used 72361K, committed 72768K, reserved 1114112K
  class space    used 8883K, committed 9088K, reserved 1048576K
}
Event: 16744.137 GC heap after
{Heap after GC invocations=220 (full 0):
 garbage-first heap   total 75776K, used 34437K [0x0000000702800000, 0x0000000800000000)
  region size 2048K, 2 young (4096K), 2 survivors (4096K)
 Metaspace       used 72361K, committed 72768K, reserved 1114112K
  class space    used 8883K, committed 9088K, reserved 1048576K
}
Event: 16764.941 GC heap before
{Heap before GC invocations=220 (full 0):
 garbage-first heap   total 75776K, used 36485K [0x0000000702800000, 0x0000000800000000)
  region size 2048K, 3 young (6144K), 2 survivors (4096K)
 Metaspace       used 72361K, committed 72768K, reserved 1114112K
  class space    used 8883K, committed 9088K, reserved 1048576K
}
Event: 16764.945 GC heap after
{Heap after GC invocations=221 (full 0):
 garbage-first heap   total 75776K, used 31190K [0x0000000702800000, 0x0000000800000000)
  region size 2048K, 1 young (2048K), 1 survivors (2048K)
 Metaspace       used 72361K, committed 72768K, reserved 1114112K
  class space    used 8883K, committed 9088K, reserved 1048576K
}
Event: 16924.326 GC heap before
{Heap before GC invocations=221 (full 0):
 garbage-first heap   total 75776K, used 57814K [0x0000000702800000, 0x0000000800000000)
  region size 2048K, 14 young (28672K), 1 survivors (2048K)
 Metaspace       used 72366K, committed 72768K, reserved 1114112K
  class space    used 8884K, committed 9088K, reserved 1048576K
}
Event: 16924.328 GC heap after
{Heap after GC invocations=222 (full 0):
 garbage-first heap   total 75776K, used 32621K [0x0000000702800000, 0x0000000800000000)
  region size 2048K, 1 young (2048K), 1 survivors (2048K)
 Metaspace       used 72366K, committed 72768K, reserved 1114112K
  class space    used 8884K, committed 9088K, reserved 1048576K
}
Event: 17082.564 GC heap before
{Heap before GC invocations=223 (full 0):
 garbage-first heap   total 75776K, used 59245K [0x0000000702800000, 0x0000000800000000)
  region size 2048K, 14 young (28672K), 1 survivors (2048K)
 Metaspace       used 72366K, committed 72768K, reserved 1114112K
  class space    used 8884K, committed 9088K, reserved 1048576K
}
Event: 17082.567 GC heap after
{Heap after GC invocations=224 (full 0):
 garbage-first heap   total 75776K, used 33616K [0x0000000702800000, 0x0000000800000000)
  region size 2048K, 2 young (4096K), 2 survivors (4096K)
 Metaspace       used 72366K, committed 72768K, reserved 1114112K
  class space    used 8884K, committed 9088K, reserved 1048576K
}
Event: 17094.323 GC heap before
{Heap before GC invocations=224 (full 0):
 garbage-first heap   total 75776K, used 35664K [0x0000000702800000, 0x0000000800000000)
  region size 2048K, 3 young (6144K), 2 survivors (4096K)
 Metaspace       used 72366K, committed 72768K, reserved 1114112K
  class space    used 8884K, committed 9088K, reserved 1048576K
}
Event: 17094.326 GC heap after
{Heap after GC invocations=225 (full 0):
 garbage-first heap   total 75776K, used 31754K [0x0000000702800000, 0x0000000800000000)
  region size 2048K, 1 young (2048K), 1 survivors (2048K)
 Metaspace       used 72366K, committed 72768K, reserved 1114112K
  class space    used 8884K, committed 9088K, reserved 1048576K
}

Dll operation events (13 events):
Event: 0.013 Loaded shared library C:\Program Files\Amazon Corretto\jdk17.0.6_10\bin\java.dll
Event: 0.028 Loaded shared library C:\Program Files\Amazon Corretto\jdk17.0.6_10\bin\jsvml.dll
Event: 0.174 Loaded shared library C:\Program Files\Amazon Corretto\jdk17.0.6_10\bin\zip.dll
Event: 0.176 Loaded shared library C:\Program Files\Amazon Corretto\jdk17.0.6_10\bin\instrument.dll
Event: 0.181 Loaded shared library C:\Program Files\Amazon Corretto\jdk17.0.6_10\bin\net.dll
Event: 0.182 Loaded shared library C:\Program Files\Amazon Corretto\jdk17.0.6_10\bin\nio.dll
Event: 0.186 Loaded shared library C:\Program Files\Amazon Corretto\jdk17.0.6_10\bin\zip.dll
Event: 0.295 Loaded shared library C:\Program Files\JetBrains\IntelliJ IDEA Community Edition 2023.1\bin\breakgen64.dll
Event: 0.305 Loaded shared library C:\Program Files\Amazon Corretto\jdk17.0.6_10\bin\verify.dll
Event: 0.311 Loaded shared library C:\Program Files\Amazon Corretto\jdk17.0.6_10\bin\jimage.dll
Event: 0.701 Loaded shared library C:\Program Files\Amazon Corretto\jdk17.0.6_10\bin\management.dll
Event: 0.704 Loaded shared library C:\Program Files\Amazon Corretto\jdk17.0.6_10\bin\management_ext.dll
Event: 3.432 Loaded shared library C:\Program Files\Amazon Corretto\jdk17.0.6_10\bin\sunmscapi.dll

Deoptimization events (20 events):
Event: 15389.714 Thread 0x0000023b66cfc020 Uncommon trap: trap_request=0xffffff54 fr.pc=0x0000023b4e232458 relative=0x0000000000001618
Event: 15389.714 Thread 0x0000023b66cfc020 Uncommon trap: reason=speculate_null_assert action=make_not_entrant pc=0x0000023b4e232458 method=org.springframework.boot.logging.logback.ColorConverter.transform(Lch/qos/logback/classic/spi/ILoggingEvent;Ljava/lang/String;)Ljava/lang/String; @ 42 c2
Event: 15389.714 Thread 0x0000023b66cfc020 DEOPT PACKING pc=0x0000023b4e232458 sp=0x0000008610efec80
Event: 15389.714 Thread 0x0000023b66cfc020 DEOPT UNPACKING pc=0x0000023b4d5f69a3 sp=0x0000008610efec90 mode 2
Event: 15389.714 Thread 0x0000023b66cfc020 Uncommon trap: trap_request=0xffffff45 fr.pc=0x0000023b4de93780 relative=0x0000000000000240
Event: 15389.714 Thread 0x0000023b66cfc020 Uncommon trap: reason=unstable_if action=reinterpret pc=0x0000023b4de93780 method=java.lang.String.encodeUTF8(B[BZ)[B @ 18 c2
Event: 15389.714 Thread 0x0000023b66cfc020 DEOPT PACKING pc=0x0000023b4de93780 sp=0x0000008610efeec0
Event: 15389.714 Thread 0x0000023b66cfc020 DEOPT UNPACKING pc=0x0000023b4d5f69a3 sp=0x0000008610efedd8 mode 2
Event: 15389.754 Thread 0x0000023b63219760 Uncommon trap: trap_request=0xffffff45 fr.pc=0x0000023b4e347ad0 relative=0x0000000000001730
Event: 15389.754 Thread 0x0000023b63219760 Uncommon trap: reason=unstable_if action=reinterpret pc=0x0000023b4e347ad0 method=java.util.concurrent.LinkedBlockingQueue.offer(Ljava/lang/Object;)Z @ 91 c2
Event: 15389.754 Thread 0x0000023b63219760 DEOPT PACKING pc=0x0000023b4e347ad0 sp=0x000000860effecb0
Event: 15389.754 Thread 0x0000023b63219760 DEOPT UNPACKING pc=0x0000023b4d5f69a3 sp=0x000000860effec68 mode 2
Event: 15389.766 Thread 0x0000023b63219760 Uncommon trap: trap_request=0xffffff45 fr.pc=0x0000023b4e441a00 relative=0x0000000000000b00
Event: 15389.766 Thread 0x0000023b63219760 Uncommon trap: reason=unstable_if action=reinterpret pc=0x0000023b4e441a00 method=java.util.concurrent.ThreadPoolExecutor.execute(Ljava/lang/Runnable;)V @ 66 c2
Event: 15389.766 Thread 0x0000023b63219760 DEOPT PACKING pc=0x0000023b4e441a00 sp=0x000000860effed40
Event: 15389.767 Thread 0x0000023b63219760 DEOPT UNPACKING pc=0x0000023b4d5f69a3 sp=0x000000860effecb0 mode 2
Event: 15389.771 Thread 0x0000023b63219760 Uncommon trap: trap_request=0xffffff45 fr.pc=0x0000023b4e367184 relative=0x0000000000000144
Event: 15389.771 Thread 0x0000023b63219760 Uncommon trap: reason=unstable_if action=reinterpret pc=0x0000023b4e367184 method=java.util.concurrent.ThreadPoolExecutor.execute(Ljava/lang/Runnable;)V @ 66 c2
Event: 15389.771 Thread 0x0000023b63219760 DEOPT PACKING pc=0x0000023b4e367184 sp=0x000000860effed00
Event: 15389.771 Thread 0x0000023b63219760 DEOPT UNPACKING pc=0x0000023b4d5f69a3 sp=0x000000860effeca0 mode 2

Classes unloaded (20 events):
Event: 4125.031 Thread 0x0000023b60bf9f20 Unloading class 0x0000000800e80800 'jdk/internal/reflect/GeneratedConstructorAccessor7'
Event: 4125.032 Thread 0x0000023b60bf9f20 Unloading class 0x0000000800e80400 'jdk/internal/reflect/GeneratedConstructorAccessor6'
Event: 4125.032 Thread 0x0000023b60bf9f20 Unloading class 0x0000000800e80000 'jdk/internal/reflect/GeneratedConstructorAccessor5'
Event: 4125.032 Thread 0x0000023b60bf9f20 Unloading class 0x0000000800e38400 'java/lang/invoke/LambdaForm$DMH+0x0000000800e38400'
Event: 4125.032 Thread 0x0000023b60bf9f20 Unloading class 0x0000000800d6ec00 'java/lang/invoke/LambdaForm$MH+0x0000000800d6ec00'
Event: 4125.032 Thread 0x0000023b60bf9f20 Unloading class 0x0000000800d6e000 'java/lang/invoke/LambdaForm$MH+0x0000000800d6e000'
Event: 4125.032 Thread 0x0000023b60bf9f20 Unloading class 0x0000000800d42000 'java/lang/invoke/LambdaForm$MH+0x0000000800d42000'
Event: 4125.032 Thread 0x0000023b60bf9f20 Unloading class 0x0000000800d41c00 'java/lang/invoke/LambdaForm$MH+0x0000000800d41c00'
Event: 4125.032 Thread 0x0000023b60bf9f20 Unloading class 0x0000000800d41800 'java/lang/invoke/LambdaForm$MH+0x0000000800d41800'
Event: 4125.032 Thread 0x0000023b60bf9f20 Unloading class 0x0000000800d41400 'java/lang/invoke/LambdaForm$MH+0x0000000800d41400'
Event: 4125.032 Thread 0x0000023b60bf9f20 Unloading class 0x0000000800d40c00 'java/lang/invoke/LambdaForm$MH+0x0000000800d40c00'
Event: 4125.032 Thread 0x0000023b60bf9f20 Unloading class 0x0000000800d40800 'java/lang/invoke/LambdaForm$MH+0x0000000800d40800'
Event: 4125.032 Thread 0x0000023b60bf9f20 Unloading class 0x0000000800d40400 'java/lang/invoke/LambdaForm$MH+0x0000000800d40400'
Event: 4125.032 Thread 0x0000023b60bf9f20 Unloading class 0x0000000800d40000 'java/lang/invoke/LambdaForm$MH+0x0000000800d40000'
Event: 4125.032 Thread 0x0000023b60bf9f20 Unloading class 0x0000000800d36800 'java/lang/invoke/LambdaForm$MH+0x0000000800d36800'
Event: 4125.032 Thread 0x0000023b60bf9f20 Unloading class 0x0000000800d36000 'java/lang/invoke/LambdaForm$MH+0x0000000800d36000'
Event: 4125.032 Thread 0x0000023b60bf9f20 Unloading class 0x0000000800d35c00 'java/lang/invoke/LambdaForm$MH+0x0000000800d35c00'
Event: 4125.032 Thread 0x0000023b60bf9f20 Unloading class 0x0000000800d35800 'java/lang/invoke/LambdaForm$MH+0x0000000800d35800'
Event: 4125.032 Thread 0x0000023b60bf9f20 Unloading class 0x0000000800d35000 'java/lang/invoke/LambdaForm$MH+0x0000000800d35000'
Event: 4125.032 Thread 0x0000023b60bf9f20 Unloading class 0x0000000800d34800 'java/lang/invoke/LambdaForm$MH+0x0000000800d34800'

Classes redefined (0 events):
No events

Internal exceptions (20 events):
Event: 37.027 Thread 0x0000023b64883a10 Exception <a 'java/lang/NoSuchMethodError'{0x000000070613f948}: 'java.lang.Object java.lang.invoke.Invokers$Holder.linkToTargetMethod(java.lang.Object, long, java.lang.Object)'> (0x000000070613f948) 
thrown [s\src\hotspot\share\interpreter\linkResolver.cpp, line 759]
Event: 37.027 Thread 0x0000023b64883070 Exception <a 'java/lang/NoSuchMethodError'{0x000000070612dff8}: 'java.lang.Object java.lang.invoke.Invokers$Holder.linkToTargetMethod(java.lang.Object, long, java.lang.Object)'> (0x000000070612dff8) 
thrown [s\src\hotspot\share\interpreter\linkResolver.cpp, line 759]
Event: 37.117 Thread 0x0000023b64883070 Exception <a 'java/lang/NoSuchMethodError'{0x0000000705cb2938}: 'java.lang.Object java.lang.invoke.DirectMethodHandle$Holder.invokeInterface(java.lang.Object, java.lang.Object, java.lang.Object, java.lang.Object)'> (0x0000000705cb2938) 
thrown [s\src\hotspot\share\interpreter\linkResolver.cpp, line 759]
Event: 37.139 Thread 0x0000023b64883070 Implicit null exception at 0x0000023b4dc95a4f to 0x0000023b4dc95bcc
Event: 75.190 Thread 0x0000023b66706560 Implicit null exception at 0x0000023b4de1b0cf to 0x0000023b4de1b6dc
Event: 1283.331 Thread 0x0000023b63130550 Implicit null exception at 0x0000023b4de6deca to 0x0000023b4de6febc
Event: 1285.229 Thread 0x0000023b63130550 Implicit null exception at 0x0000023b4dce844f to 0x0000023b4dce9088
Event: 5152.711 Thread 0x0000023b64885220 Implicit null exception at 0x0000023b4dde27cd to 0x0000023b4dde52c8
Event: 5384.943 Thread 0x0000023b62202210 Implicit null exception at 0x0000023b4e2a0135 to 0x0000023b4e2a03f4
Event: 5385.945 Thread 0x0000023b62202210 Implicit null exception at 0x0000023b4e2a0135 to 0x0000023b4e2a03f4
Event: 5386.958 Thread 0x0000023b62202210 Implicit null exception at 0x0000023b4e2a0135 to 0x0000023b4e2a03f4
Event: 5387.946 Thread 0x0000023b62202210 Implicit null exception at 0x0000023b4e2a0135 to 0x0000023b4e2a03f4
Event: 6602.633 Thread 0x0000023b66704d50 Exception <a 'java/io/IOException'{0x0000000705d1b0f0}> (0x0000000705d1b0f0) 
thrown [s\src\hotspot\share\prims\jni.cpp, line 516]
Event: 6602.637 Thread 0x0000023b64883ee0 Exception <a 'java/io/IOException'{0x0000000705d1fbe8}> (0x0000000705d1fbe8) 
thrown [s\src\hotspot\share\prims\jni.cpp, line 516]
Event: 7636.559 Thread 0x0000023b64883070 Implicit null exception at 0x0000023b4dde5880 to 0x0000023b4dde5ad4
Event: 7772.903 Thread 0x0000023b648843b0 Implicit null exception at 0x0000023b4e0f0cae to 0x0000023b4e0f0f25
Event: 13465.273 Thread 0x0000023b61def730 Implicit null exception at 0x0000023b4dde6ccd to 0x0000023b4dde97c8
Event: 13909.245 Thread 0x0000023b64883a10 Implicit null exception at 0x0000023b4dcb09c0 to 0x0000023b4dcb1144
Event: 13909.245 Thread 0x0000023b64883a10 Implicit null exception at 0x0000023b4ddae660 to 0x0000023b4ddaf280
Event: 13909.334 Thread 0x0000023b64883a10 Implicit null exception at 0x0000023b4dd429c0 to 0x0000023b4dd4340c

VM Operations (20 events):
Event: 16608.748 Executing VM operation: G1Concurrent
Event: 16608.754 Executing VM operation: G1Concurrent done
Event: 16608.773 Executing VM operation: G1Concurrent
Event: 16608.773 Executing VM operation: G1Concurrent done
Event: 16744.135 Executing VM operation: G1CollectForAllocation
Event: 16744.137 Executing VM operation: G1CollectForAllocation done
Event: 16764.940 Executing VM operation: G1CollectForAllocation
Event: 16764.945 Executing VM operation: G1CollectForAllocation done
Event: 16815.174 Executing VM operation: Cleanup
Event: 16815.174 Executing VM operation: Cleanup done
Event: 16924.326 Executing VM operation: G1CollectForAllocation
Event: 16924.328 Executing VM operation: G1CollectForAllocation done
Event: 16924.369 Executing VM operation: G1Concurrent
Event: 16924.375 Executing VM operation: G1Concurrent done
Event: 16924.394 Executing VM operation: G1Concurrent
Event: 16924.394 Executing VM operation: G1Concurrent done
Event: 17082.564 Executing VM operation: G1CollectForAllocation
Event: 17082.567 Executing VM operation: G1CollectForAllocation done
Event: 17094.323 Executing VM operation: G1CollectForAllocation
Event: 17094.326 Executing VM operation: G1CollectForAllocation done

Events (20 events):
Event: 16812.941 loading class java/security/cert/TrustAnchor
Event: 16812.946 loading class java/security/cert/TrustAnchor done
Event: 16812.952 Thread 0x0000023b65eb3590 Thread added: 0x0000023b65eb3590
Event: 16819.663 Thread 0x0000023b65eb3590 Thread exited: 0x0000023b65eb3590
Event: 16820.698 Thread 0x0000023b63219c30 Thread exited: 0x0000023b63219c30
Event: 16820.730 Thread 0x0000023b63219760 Thread exited: 0x0000023b63219760
Event: 16880.517 Thread 0x0000023b63218dc0 Thread added: 0x0000023b63218dc0
Event: 16880.517 Thread 0x0000023b632170e0 Thread added: 0x0000023b632170e0
Event: 16891.938 Thread 0x0000023b63218dc0 Thread exited: 0x0000023b63218dc0
Event: 16891.954 Thread 0x0000023b632170e0 Thread exited: 0x0000023b632170e0
Event: 16951.472 Thread 0x0000023b632170e0 Thread added: 0x0000023b632170e0
Event: 16951.472 Thread 0x0000023b6321c2b0 Thread added: 0x0000023b6321c2b0
Event: 16962.597 Thread 0x0000023b632170e0 Thread exited: 0x0000023b632170e0
Event: 16962.629 Thread 0x0000023b6321c2b0 Thread exited: 0x0000023b6321c2b0
Event: 17022.400 Thread 0x0000023b6321b440 Thread added: 0x0000023b6321b440
Event: 17022.400 Thread 0x0000023b6321aaa0 Thread added: 0x0000023b6321aaa0
Event: 17034.565 Thread 0x0000023b6321b440 Thread exited: 0x0000023b6321b440
Event: 17034.596 Thread 0x0000023b6321aaa0 Thread exited: 0x0000023b6321aaa0
Event: 17092.791 Thread 0x0000023b6321b440 Thread added: 0x0000023b6321b440
Event: 17092.791 Thread 0x0000023b63218420 Thread added: 0x0000023b63218420


Dynamic libraries:
0x00007ff64c430000 - 0x00007ff64c43d000 	C:\Program Files\Amazon Corretto\jdk17.0.6_10\bin\java.exe
0x00007ffba7370000 - 0x00007ffba7587000 	C:\Windows\SYSTEM32\ntdll.dll
0x00007ffba5f10000 - 0x00007ffba5fd4000 	C:\Windows\System32\KERNEL32.DLL
0x00007ffba4830000 - 0x00007ffba4be7000 	C:\Windows\System32\KERNELBASE.dll
0x00007ffba4bf0000 - 0x00007ffba4d01000 	C:\Windows\System32\ucrtbase.dll
0x00007ffb90130000 - 0x00007ffb90147000 	C:\Program Files\Amazon Corretto\jdk17.0.6_10\bin\jli.dll
0x00007ffb8f860000 - 0x00007ffb8f875000 	C:\Program Files\Amazon Corretto\jdk17.0.6_10\bin\VCRUNTIME140.dll
0x00007ffba6fd0000 - 0x00007ffba717f000 	C:\Windows\System32\USER32.dll
0x00007ffba4f50000 - 0x00007ffba4f76000 	C:\Windows\System32\win32u.dll
0x00007ffba5ce0000 - 0x00007ffba5d09000 	C:\Windows\System32\GDI32.dll
0x00007ffb8d190000 - 0x00007ffb8d423000 	C:\Windows\WinSxS\amd64_microsoft.windows.common-controls_6595b64144ccf1df_6.0.22621.3672_none_2713b9d173822955\COMCTL32.dll
0x00007ffba4f80000 - 0x00007ffba5098000 	C:\Windows\System32\gdi32full.dll
0x00007ffba4eb0000 - 0x00007ffba4f4a000 	C:\Windows\System32\msvcp_win.dll
0x00007ffba6c70000 - 0x00007ffba6d17000 	C:\Windows\System32\msvcrt.dll
0x00007ffba5ed0000 - 0x00007ffba5f01000 	C:\Windows\System32\IMM32.DLL
0x00007ffb51230000 - 0x00007ffb512cb000 	C:\Program Files\Amazon Corretto\jdk17.0.6_10\bin\msvcp140.dll
0x00007ffb4cb50000 - 0x00007ffb4d768000 	C:\Program Files\Amazon Corretto\jdk17.0.6_10\bin\server\jvm.dll
0x00007ffba7200000 - 0x00007ffba72b2000 	C:\Windows\System32\ADVAPI32.dll
0x00007ffba6690000 - 0x00007ffba6738000 	C:\Windows\System32\sechost.dll
0x00007ffba4d10000 - 0x00007ffba4d38000 	C:\Windows\System32\bcrypt.dll
0x00007ffba67c0000 - 0x00007ffba68d4000 	C:\Windows\System32\RPCRT4.dll
0x00007ffb8bd90000 - 0x00007ffb8bdc4000 	C:\Windows\SYSTEM32\WINMM.dll
0x00007ffb94cc0000 - 0x00007ffb94cc9000 	C:\Windows\SYSTEM32\WSOCK32.dll
0x00007ffba7180000 - 0x00007ffba71f1000 	C:\Windows\System32\WS2_32.dll
0x00007ffb9ce20000 - 0x00007ffb9ce2a000 	C:\Windows\SYSTEM32\VERSION.dll
0x00007ffba3690000 - 0x00007ffba36a8000 	C:\Windows\SYSTEM32\kernel.appcore.dll
0x00007ffb9cad0000 - 0x00007ffb9cada000 	C:\Program Files\Amazon Corretto\jdk17.0.6_10\bin\jimage.dll
0x00007ffb86d00000 - 0x00007ffb86f32000 	C:\Windows\SYSTEM32\DBGHELP.DLL
0x00007ffba68e0000 - 0x00007ffba6c6e000 	C:\Windows\System32\combase.dll
0x00007ffba6ef0000 - 0x00007ffba6fc7000 	C:\Windows\System32\OLEAUT32.dll
0x00007ffb86c20000 - 0x00007ffb86c52000 	C:\Windows\SYSTEM32\dbgcore.DLL
0x00007ffba46f0000 - 0x00007ffba476b000 	C:\Windows\System32\bcryptPrimitives.dll
0x00007ffb9ba40000 - 0x00007ffb9ba4e000 	C:\Program Files\Amazon Corretto\jdk17.0.6_10\bin\instrument.dll
0x00007ffb84630000 - 0x00007ffb84655000 	C:\Program Files\Amazon Corretto\jdk17.0.6_10\bin\java.dll
0x00007ffb51150000 - 0x00007ffb51226000 	C:\Program Files\Amazon Corretto\jdk17.0.6_10\bin\jsvml.dll
0x00007ffba5140000 - 0x00007ffba59a9000 	C:\Windows\System32\SHELL32.dll
0x00007ffba25a0000 - 0x00007ffba2e9f000 	C:\Windows\SYSTEM32\windows.storage.dll
0x00007ffba2460000 - 0x00007ffba259f000 	C:\Windows\SYSTEM32\wintypes.dll
0x00007ffba5be0000 - 0x00007ffba5cd9000 	C:\Windows\System32\SHCORE.dll
0x00007ffba5d70000 - 0x00007ffba5dce000 	C:\Windows\System32\shlwapi.dll
0x00007ffba45b0000 - 0x00007ffba45d7000 	C:\Windows\SYSTEM32\profapi.dll
0x00007ffb815c0000 - 0x00007ffb815d8000 	C:\Program Files\Amazon Corretto\jdk17.0.6_10\bin\zip.dll
0x00007ffb84610000 - 0x00007ffb84629000 	C:\Program Files\Amazon Corretto\jdk17.0.6_10\bin\net.dll
0x00007ffba0170000 - 0x00007ffba02a6000 	C:\Windows\SYSTEM32\WINHTTP.dll
0x00007ffba3af0000 - 0x00007ffba3b59000 	C:\Windows\system32\mswsock.dll
0x00007ffb81690000 - 0x00007ffb816a5000 	C:\Program Files\Amazon Corretto\jdk17.0.6_10\bin\nio.dll
0x00007ffb95b90000 - 0x00007ffb95baa000 	C:\Program Files\JetBrains\IntelliJ IDEA Community Edition 2023.1\bin\breakgen64.dll
0x00007ffb9fdd0000 - 0x00007ffb9fde0000 	C:\Program Files\Amazon Corretto\jdk17.0.6_10\bin\verify.dll
0x00007ffb95b80000 - 0x00007ffb95b89000 	C:\Program Files\Amazon Corretto\jdk17.0.6_10\bin\management.dll
0x00007ffb958f0000 - 0x00007ffb958fb000 	C:\Program Files\Amazon Corretto\jdk17.0.6_10\bin\management_ext.dll
0x00007ffba6d20000 - 0x00007ffba6d28000 	C:\Windows\System32\PSAPI.DLL
0x00007ffb8dae0000 - 0x00007ffb8daf7000 	C:\Windows\system32\napinsp.dll
0x00007ffb8db30000 - 0x00007ffb8db4b000 	C:\Windows\system32\pnrpnsp.dll
0x00007ffba3170000 - 0x00007ffba3272000 	C:\Windows\SYSTEM32\DNSAPI.dll
0x00007ffba3100000 - 0x00007ffba312d000 	C:\Windows\SYSTEM32\IPHLPAPI.DLL
0x00007ffba7320000 - 0x00007ffba7329000 	C:\Windows\System32\NSI.dll
0x00007ffb8db10000 - 0x00007ffb8db21000 	C:\Windows\System32\winrnr.dll
0x00007ffb8dac0000 - 0x00007ffb8dad5000 	C:\Windows\system32\wshbth.dll
0x00007ffb8da90000 - 0x00007ffb8dab7000 	C:\Windows\system32\nlansp_c.dll
0x00007ffb99f60000 - 0x00007ffb99f6a000 	C:\Windows\System32\rasadhlp.dll
0x00007ffb9e4f0000 - 0x00007ffb9e573000 	C:\Windows\System32\fwpuclnt.dll
0x00007ffba3e40000 - 0x00007ffba3e5b000 	C:\Windows\SYSTEM32\CRYPTSP.dll
0x00007ffba35f0000 - 0x00007ffba3625000 	C:\Windows\system32\rsaenh.dll
0x00007ffba3b90000 - 0x00007ffba3bb8000 	C:\Windows\SYSTEM32\USERENV.dll
0x00007ffba3e20000 - 0x00007ffba3e2c000 	C:\Windows\SYSTEM32\CRYPTBASE.dll
0x00007ffba0990000 - 0x00007ffba09a9000 	C:\Windows\SYSTEM32\dhcpcsvc6.DLL
0x00007ffb9ed90000 - 0x00007ffb9edaf000 	C:\Windows\SYSTEM32\dhcpcsvc.DLL
0x00007ffb900f0000 - 0x00007ffb900fe000 	C:\Program Files\Amazon Corretto\jdk17.0.6_10\bin\sunmscapi.dll
0x00007ffba4d40000 - 0x00007ffba4ea6000 	C:\Windows\System32\CRYPT32.dll
0x00007ffba3f30000 - 0x00007ffba3f5d000 	C:\Windows\SYSTEM32\ncrypt.dll
0x00007ffba3ef0000 - 0x00007ffba3f27000 	C:\Windows\SYSTEM32\NTASN1.dll
0x00007ffb84b60000 - 0x00007ffb84b68000 	C:\Windows\system32\wshunix.dll

dbghelp: loaded successfully - version: 4.0.5 - missing functions: none
symbol engine: initialized successfully - sym options: 0x614 - pdb path: .;C:\Program Files\Amazon Corretto\jdk17.0.6_10\bin;C:\Windows\SYSTEM32;C:\Windows\WinSxS\amd64_microsoft.windows.common-controls_6595b64144ccf1df_6.0.22621.3672_none_2713b9d173822955;C:\Program Files\Amazon Corretto\jdk17.0.6_10\bin\server;C:\Program Files\JetBrains\IntelliJ IDEA Community Edition 2023.1\bin

VM Arguments:
jvm_args: -javaagent:C:\Program Files\JetBrains\IntelliJ IDEA Community Edition 2023.1\lib\idea_rt.jar=64773:C:\Program Files\JetBrains\IntelliJ IDEA Community Edition 2023.1\bin -Dfile.encoding=UTF-8 
java_command: com.luvina.la.MainApplication
java_class_path (initial): C:\LARG02_Java\03.Output\07.Project\03.BaiTapCuoiKhoa\SRC\04.Back-end\target\classes;C:\Users\LA\.m2\repository\org\springframework\boot\spring-boot-starter-data-jpa\2.7.8\spring-boot-starter-data-jpa-2.7.8.jar;C:\Users\LA\.m2\repository\org\springframework\boot\spring-boot-starter-aop\2.7.8\spring-boot-starter-aop-2.7.8.jar;C:\Users\LA\.m2\repository\org\aspectj\aspectjweaver\1.9.7\aspectjweaver-1.9.7.jar;C:\Users\LA\.m2\repository\org\springframework\boot\spring-boot-starter-jdbc\2.7.8\spring-boot-starter-jdbc-2.7.8.jar;C:\Users\LA\.m2\repository\org\springframework\spring-jdbc\5.3.25\spring-jdbc-5.3.25.jar;C:\Users\LA\.m2\repository\jakarta\transaction\jakarta.transaction-api\1.3.3\jakarta.transaction-api-1.3.3.jar;C:\Users\LA\.m2\repository\jakarta\persistence\jakarta.persistence-api\2.2.3\jakarta.persistence-api-2.2.3.jar;C:\Users\LA\.m2\repository\org\hibernate\hibernate-core\5.6.14.Final\hibernate-core-5.6.14.Final.jar;C:\Users\LA\.m2\repository\org\jboss\logging\jboss-logging\3.4.3.Final\jboss-logging-3.4.3.Final.jar;C:\Users\LA\.m2\repository\net\bytebuddy\byte-buddy\1.12.22\byte-buddy-1.12.22.jar;C:\Users\LA\.m2\repository\antlr\antlr\2.7.7\antlr-2.7.7.jar;C:\Users\LA\.m2\repository\org\jboss\jandex\2.4.2.Final\jandex-2.4.2.Final.jar;C:\Users\LA\.m2\repository\com\fasterxml\classmate\1.5.1\classmate-1.5.1.jar;C:\Users\LA\.m2\repository\org\hibernate\common\hibernate-commons-annotations\5.1.2.Final\hibernate-commons-annotations-5.1.2.Final.jar;C:\Users\LA\.m2\repository\org\glassfish\jaxb\jaxb-runtime\2.3.7\jaxb-runtime-2.3.7.jar;C:\Users\LA\.m2\repository\jakarta\xml\bind\jakarta.xml.bind-api\2.3.3\jakarta.xml.bind-api-2.3.3.jar;C:\Users\LA\.m2\repository\org\glassfish\jaxb\txw2\2.3.7\txw2-2.3.7.jar;C:\Users\LA\.m2\repository\com\sun\istack\istack-commons-runtime\3.0.12\istack-commons-runtime-3.0.12.jar;C:\Users\LA\.m2\repository\com\sun\activation\jakarta.activation\1.2.2\jakarta.activation-1.2.2.jar;C:\Users\LA\.m2\repository
Launcher Type: SUN_STANDARD

[Global flags]
     intx CICompilerCount                          = 3                                         {product} {ergonomic}
     uint ConcGCThreads                            = 1                                         {product} {ergonomic}
     uint G1ConcRefinementThreads                  = 4                                         {product} {ergonomic}
   size_t G1HeapRegionSize                         = 2097152                                   {product} {ergonomic}
    uintx GCDrainStackTargetSize                   = 64                                        {product} {ergonomic}
   size_t InitialHeapSize                          = 266338304                                 {product} {ergonomic}
   size_t MarkStackSize                            = 4194304                                   {product} {ergonomic}
   size_t MaxHeapSize                              = 4253024256                                {product} {ergonomic}
   size_t MaxNewSize                               = 2550136832                                {product} {ergonomic}
   size_t MinHeapDeltaBytes                        = 2097152                                   {product} {ergonomic}
   size_t MinHeapSize                              = 8388608                                   {product} {ergonomic}
    uintx NonNMethodCodeHeapSize                   = 5832780                                {pd product} {ergonomic}
    uintx NonProfiledCodeHeapSize                  = 122912730                              {pd product} {ergonomic}
    uintx ProfiledCodeHeapSize                     = 122912730                              {pd product} {ergonomic}
    uintx ReservedCodeCacheSize                    = 251658240                              {pd product} {ergonomic}
     bool SegmentedCodeCache                       = true                                      {product} {ergonomic}
   size_t SoftMaxHeapSize                          = 4253024256                             {manageable} {ergonomic}
     bool UseCompressedClassPointers               = true                           {product lp64_product} {ergonomic}
     bool UseCompressedOops                        = true                           {product lp64_product} {ergonomic}
     bool UseG1GC                                  = true                                      {product} {ergonomic}
     bool UseLargePagesIndividualAllocation        = false                                  {pd product} {ergonomic}

Logging:
Log output configuration:
 #0: stdout all=warning uptime,level,tags
 #1: stderr all=off uptime,level,tags

Environment Variables:
JAVA_HOME=C:\Program Files\Amazon Corretto\jdk17.0.6_10
PATH=C:\Program Files\Amazon Corretto\jdk17.0.6_10\bin;C:\Windows\system32;C:\Windows;C:\Windows\System32\Wbem;C:\Windows\System32\WindowsPowerShell\v1.0\;C:\Windows\System32\OpenSSH\;C:\Program Files\nodejs\;C:\Program Files (x86)\Yarn\bin\;C:\Program Files\Microsoft VS Code\bin;C:\Program Files\Git\cmd;C:\Program Files\TortoiseGit\bin;C:\Program Files\TortoiseSVN\bin;C:\Program Files\Docker\Docker\resources\bin;C:\Tools\apache-maven-3.6.3\bin;C:\Users\LA\AppData\Local\Microsoft\WindowsApps;
USERNAME=LA
OS=Windows_NT
PROCESSOR_IDENTIFIER=Intel64 Family 6 Model 158 Stepping 11, GenuineIntel
TMP=C:\Users\LA\AppData\Local\Temp
TEMP=C:\Users\LA\AppData\Local\Temp



---------------  S Y S T E M  ---------------

OS:
 Windows 11 , 64 bit Build 22621 (10.0.22621.3958)
OS uptime: 1 days 1:41 hours
Hyper-V role detected

CPU: total 4 (initial active 4) (4 cores per cpu, 1 threads per core) family 6 model 158 stepping 11 microcode 0xf0, cx8, cmov, fxsr, mmx, 3dnowpref, sse, sse2, sse3, ssse3, sse4.1, sse4.2, popcnt, lzcnt, tsc, tscinvbit, avx, avx2, aes, erms, clmul, bmi1, bmi2, adx, fma, vzeroupper, clflush, clflushopt, hv

Memory: 4k page, system-wide physical 16220M (2180M free)
TotalPageFile size 46638M (AvailPageFile size 0M)
current process WorkingSet (physical memory assigned to process): 223M, peak: 271M
current process commit charge ("private bytes"): 325M, peak: 395M

vm_info: OpenJDK 64-Bit Server VM (17.0.6+10-LTS) for windows-amd64 JRE (17.0.6+10-LTS), built on Jan 13 2023 22:57:04 by "Administrator" with MS VC++ 15.9 (VS2017)

END.
